processing storage
running create on component Storage, version latest
running script C:\SoftwareAG\common\db\bin\..\..\..\common\db\DCC\Storage/scripts\8.0\sqlserver\create_0_mss_str_c_ddl_database.sql (1 of 3)
running script C:\SoftwareAG\common\db\bin\..\..\..\common\db\DCC\Storage/scripts\8.0\sqlserver\create_1_mss_str_c_ddl_user.sql (2 of 3)
running script C:\SoftwareAG\common\db\bin\..\..\..\common\db\DCC\Storage/scripts\8.0\sqlserver\create_2_mss_str_c_sp_kill_process.sql (3 of 3)
created component Storage version latest
**** completed create on component Storage, version latest ****
processing component not installed: tracking
running create on component ComponentTracker, version latest
running script C:\SoftwareAG\common\db\bin\..\..\..\common\db\DCC\ComponentTracker/scripts\8.0\sqlserver\create_1_c_ddl.sql (1 of 7)
running script C:\SoftwareAG\common\db\bin\..\..\..\common\db\DCC\ComponentTracker/scripts\8.0\sqlserver\create_2_m_10_to_20.sql (2 of 7)
running script C:\SoftwareAG\common\db\bin\..\..\..\common\db\DCC\ComponentTracker/scripts\8.0\sqlserver\create_3_m_ccs_set_component_version.sql (3 of 7)
running script ComponentTracker, INSTALL, v8.0 (4 of 7)
running script C:\SoftwareAG\common\db\bin\..\..\..\common\db\DCC\ComponentTracker/scripts\8.0-10.4\sqlserver\migrate.sql (5 of 7)
running script ComponentTracker, MIGRATE, v8.0-10.4 (6 of 7)
running script ComponentTracker, INSTALL, v10.4 (7 of 7)
created component ComponentTracker version latest
**** completed create on component ComponentTracker, version latest ****
processing component not installed: APIGatewayEvents
running create on component APIGatewayEvents, version latest
running script C:\SoftwareAG\common\db\bin\..\..\..\common\db\APIGateway\APIGatewayEvents/scripts\9.12\sqlserver\create.sql (1 of 21)
running script APIGatewayEvents, INSTALL, v9.12 (2 of 21)
running script APIGatewayEvents, MIGRATE, v9.12-9.12.fix1 (3 of 21)
running script APIGatewayEvents, INSTALL, v9.12.fix1 (4 of 21)
running script C:\SoftwareAG\common\db\bin\..\..\..\common\db\APIGateway\APIGatewayEvents/scripts\9.12.fix1-10.0\sqlserver\migrate.sql (5 of 21)
running script APIGatewayEvents, MIGRATE, v9.12.fix1-10.0 (6 of 21)
running script APIGatewayEvents, INSTALL, v10.0 (7 of 21)
running script APIGatewayEvents, MIGRATE, v10.0-10.0.fix1 (8 of 21)
running script APIGatewayEvents, INSTALL, v10.0.fix1 (9 of 21)
running script APIGatewayEvents, MIGRATE, v10.0.fix1-10.1 (10 of 21)
running script APIGatewayEvents, INSTALL, v10.1 (11 of 21)
running script C:\SoftwareAG\common\db\bin\..\..\..\common\db\APIGateway\APIGatewayEvents/scripts\10.1-10.2\sqlserver\migrate.sql (12 of 21)
running script APIGatewayEvents, MIGRATE, v10.1-10.2 (13 of 21)
running script APIGatewayEvents, INSTALL, v10.2 (14 of 21)
running script APIGatewayEvents, MIGRATE, v10.2-10.3 (15 of 21)
running script APIGatewayEvents, INSTALL, v10.3 (16 of 21)
running script APIGatewayEvents, MIGRATE, v10.3-10.4 (17 of 21)
running script APIGatewayEvents, INSTALL, v10.4 (18 of 21)
running script C:\SoftwareAG\common\db\bin\..\..\..\common\db\APIGateway\APIGatewayEvents/scripts\10.4-10.5\sqlserver\migrate.sql (19 of 21)
running script APIGatewayEvents, MIGRATE, v10.4-10.5 (20 of 21)
running script APIGatewayEvents, INSTALL, v10.5 (21 of 21)
created component APIGatewayEvents version latest
**** completed create on component APIGatewayEvents, version latest ****
processing component not installed: OperationManagement
running create on component OperationManagement, version latest
running script C:\SoftwareAG\common\db\bin\..\..\..\common\db\Optimize\OperationManagement/scripts\9.0.1\sqlserver\create_1.sql (1 of 11)
running script C:\SoftwareAG\common\db\bin\..\..\..\common\db\Optimize\OperationManagement/scripts\9.0.1\sqlserver\create_2.sql (2 of 11)
running script C:\SoftwareAG\common\db\bin\..\..\..\common\db\Optimize\OperationManagement/scripts\9.0.1\sqlserver\create_3.sql (3 of 11)
running script C:\SoftwareAG\common\db\bin\..\..\..\common\db\Optimize\OperationManagement/scripts\9.0.1\sqlserver\create_4.sql (4 of 11)
running script C:\SoftwareAG\common\db\bin\..\..\..\common\db\Optimize\OperationManagement/scripts\9.0.1\sqlserver\create_5.sql (5 of 11)
running script C:\SoftwareAG\common\db\bin\..\..\..\common\db\Optimize\OperationManagement/scripts\9.0.1\sqlserver\create_6.sql (6 of 11)
running script C:\SoftwareAG\common\db\bin\..\..\..\common\db\Optimize\OperationManagement/scripts\9.0.1\sqlserver\create_7.sql (7 of 11)
running script C:\SoftwareAG\common\db\bin\..\..\..\common\db\Optimize\OperationManagement/scripts\9.0.1\sqlserver\create_8.sql (8 of 11)
running script C:\SoftwareAG\common\db\bin\..\..\..\common\db\Optimize\OperationManagement/scripts\9.0.1\sqlserver\create_9.sql (9 of 11)
running script C:\SoftwareAG\common\db\bin\..\..\..\common\db\Optimize\OperationManagement/scripts\9.0.1\sqlserver\create_10.sql (10 of 11)
running script OperationManagement, INSTALL, v9.0.1 (11 of 11)
created component OperationManagement version latest
**** completed create on component OperationManagement, version latest ****
processing component not installed: Analysis
running create on component Analysis, version latest
running script C:\SoftwareAG\common\db\bin\..\..\..\common\db\Optimize\Analysis/scripts\9.0.1\sqlserver\create_1.sql (1 of 48)
running script C:\SoftwareAG\common\db\bin\..\..\..\common\db\Optimize\Analysis/scripts\9.0.1\sqlserver\create_2.sql (2 of 48)
running script C:\SoftwareAG\common\db\bin\..\..\..\common\db\Optimize\Analysis/scripts\9.0.1\sqlserver\create_3.sql (3 of 48)
running script C:\SoftwareAG\common\db\bin\..\..\..\common\db\Optimize\Analysis/scripts\9.0.1\sqlserver\create_4.sql (4 of 48)
running script C:\SoftwareAG\common\db\bin\..\..\..\common\db\Optimize\Analysis/scripts\9.0.1\sqlserver\create_5.sql (5 of 48)
running script Analysis, INSTALL, v9.0.1 (6 of 48)
running script C:\SoftwareAG\common\db\bin\..\..\..\common\db\Optimize\Analysis/scripts\9.0.1-9.5.1\sqlserver\migrate.sql (7 of 48)
running script Analysis, MIGRATE, v9.0.1-9.5.1 (8 of 48)
running script Analysis, INSTALL, v9.5.1 (9 of 48)
running script C:\SoftwareAG\common\db\bin\..\..\..\common\db\Optimize\Analysis/scripts\9.5.1-9.7\sqlserver\migrate.sql (10 of 48)
running script Analysis, MIGRATE, v9.5.1-9.7 (11 of 48)
running script Analysis, INSTALL, v9.7 (12 of 48)
running script C:\SoftwareAG\common\db\bin\..\..\..\common\db\Optimize\Analysis/scripts\9.7-9.7.fix1\sqlserver\migrate.sql (13 of 48)
running script Analysis, MIGRATE, v9.7-9.7.fix1 (14 of 48)
running script Analysis, INSTALL, v9.7.fix1 (15 of 48)
running script C:\SoftwareAG\common\db\bin\..\..\..\common\db\Optimize\Analysis/scripts\9.7.fix1-9.8\sqlserver\migrate.sql (16 of 48)
running script Analysis, MIGRATE, v9.7.fix1-9.8 (17 of 48)
running script Analysis, INSTALL, v9.8 (18 of 48)
running script Analysis, MIGRATE, v9.8-9.8.fix1 (19 of 48)
running script Analysis, INSTALL, v9.8.fix1 (20 of 48)
running script C:\SoftwareAG\common\db\bin\..\..\..\common\db\Optimize\Analysis/scripts\9.8.fix1-9.8.fix2\sqlserver\migrate.sql (21 of 48)
running script Analysis, MIGRATE, v9.8.fix1-9.8.fix2 (22 of 48)
running script Analysis, INSTALL, v9.8.fix2 (23 of 48)
running script C:\SoftwareAG\common\db\bin\..\..\..\common\db\Optimize\Analysis/scripts\9.8.fix2-9.9\sqlserver\migrate.sql (24 of 48)
running script Analysis, MIGRATE, v9.8.fix2-9.9 (25 of 48)
running script Analysis, INSTALL, v9.9 (26 of 48)
running script Analysis, MIGRATE, v9.9-9.9.fix1 (27 of 48)
running script Analysis, INSTALL, v9.9.fix1 (28 of 48)
running script C:\SoftwareAG\common\db\bin\..\..\..\common\db\Optimize\Analysis/scripts\9.9.fix1-9.9.fix2\sqlserver\migrate.sql (29 of 48)
running script Analysis, MIGRATE, v9.9.fix1-9.9.fix2 (30 of 48)
running script Analysis, INSTALL, v9.9.fix2 (31 of 48)
running script C:\SoftwareAG\common\db\bin\..\..\..\common\db\Optimize\Analysis/scripts\9.9.fix2-9.10\sqlserver\migrate.sql (32 of 48)
running script Analysis, MIGRATE, v9.9.fix2-9.10 (33 of 48)
running script Analysis, INSTALL, v9.10 (34 of 48)
running script C:\SoftwareAG\common\db\bin\..\..\..\common\db\Optimize\Analysis/scripts\9.10-9.10.fix1\sqlserver\migrate.sql (35 of 48)
running script Analysis, MIGRATE, v9.10-9.10.fix1 (36 of 48)
running script Analysis, INSTALL, v9.10.fix1 (37 of 48)
running script C:\SoftwareAG\common\db\bin\..\..\..\common\db\Optimize\Analysis/scripts\9.10.fix1-9.12\sqlserver\migrate.sql (38 of 48)
running script Analysis, MIGRATE, v9.10.fix1-9.12 (39 of 48)
running script Analysis, INSTALL, v9.12 (40 of 48)
running script C:\SoftwareAG\common\db\bin\..\..\..\common\db\Optimize\Analysis/scripts\9.12-10.0\sqlserver\migrate.sql (41 of 48)
running script Analysis, MIGRATE, v9.12-10.0 (42 of 48)
running script Analysis, INSTALL, v10.0 (43 of 48)
running script C:\SoftwareAG\common\db\bin\..\..\..\common\db\Optimize\Analysis/scripts\10.0-10.1\sqlserver\migrate_1.sql (44 of 48)
running script C:\SoftwareAG\common\db\bin\..\..\..\common\db\Optimize\Analysis/scripts\10.0-10.1\sqlserver\migrate_2.sql (45 of 48)
running script C:\SoftwareAG\common\db\bin\..\..\..\common\db\Optimize\Analysis/scripts\10.0-10.1\sqlserver\migrate_3.sql (46 of 48)
running script Analysis, MIGRATE, v10.0-10.1 (47 of 48)
running script Analysis, INSTALL, v10.1 (48 of 48)
created component Analysis version latest
**** completed create on component Analysis, version latest ****
processing component not installed: ISCoreAudit
running create on component ISCoreAudit, version latest
running script C:\SoftwareAG\common\db\bin\..\..\..\common\db\IntegrationServer\ISCoreAudit/scripts\9.0.1\sqlserver\create_1.sql (1 of 17)
running script C:\SoftwareAG\common\db\bin\..\..\..\common\db\IntegrationServer\ISCoreAudit/scripts\9.0.1\sqlserver\create_2.sql (2 of 17)
running script ISCoreAudit, INSTALL, v9.0.1 (3 of 17)
running script C:\SoftwareAG\common\db\bin\..\..\..\common\db\IntegrationServer\ISCoreAudit/scripts\9.0.1-9.0.1.fix1\sqlserver\migrate.sql (4 of 17)
running script ISCoreAudit, MIGRATE, v9.0.1-9.0.1.fix1 (5 of 17)
running script ISCoreAudit, INSTALL, v9.0.1.fix1 (6 of 17)
running script C:\SoftwareAG\common\db\bin\..\..\..\common\db\IntegrationServer\ISCoreAudit/scripts\9.0.1.fix1-9.5.1\sqlserver\migrate.sql (7 of 17)
running script ISCoreAudit, MIGRATE, v9.0.1.fix1-9.5.1 (8 of 17)
running script ISCoreAudit, INSTALL, v9.5.1 (9 of 17)
running script C:\SoftwareAG\common\db\bin\..\..\..\common\db\IntegrationServer\ISCoreAudit/scripts\9.5.1-9.5.1.fix1\sqlserver\migrate.sql (10 of 17)
running script ISCoreAudit, MIGRATE, v9.5.1-9.5.1.fix1 (11 of 17)
running script ISCoreAudit, INSTALL, v9.5.1.fix1 (12 of 17)
running script C:\SoftwareAG\common\db\bin\..\..\..\common\db\IntegrationServer\ISCoreAudit/scripts\9.5.1.fix1-10.1.fix1\sqlserver\migrate.sql (13 of 17)
running script ISCoreAudit, MIGRATE, v9.5.1.fix1-10.1.fix1 (14 of 17)
running script ISCoreAudit, INSTALL, v10.1.fix1 (15 of 17)
running script ISCoreAudit, MIGRATE, v10.1.fix1-10.3 (16 of 17)
running script ISCoreAudit, INSTALL, v10.3 (17 of 17)
created component ISCoreAudit version latest
**** completed create on component ISCoreAudit, version latest ****
processing component not installed: ProcessAudit
running create on component ProcessAudit, version latest
running script C:\SoftwareAG\common\db\bin\..\..\..\common\db\ProcessEngine\ProcessAudit/scripts\9.0.1\sqlserver\create_1.sql (1 of 77)
running script C:\SoftwareAG\common\db\bin\..\..\..\common\db\ProcessEngine\ProcessAudit/scripts\9.0.1\sqlserver\create_2.sql (2 of 77)
running script C:\SoftwareAG\common\db\bin\..\..\..\common\db\ProcessEngine\ProcessAudit/scripts\9.0.1\sqlserver\create_3.sql (3 of 77)
running script C:\SoftwareAG\common\db\bin\..\..\..\common\db\ProcessEngine\ProcessAudit/scripts\9.0.1\sqlserver\create_4.sql (4 of 77)
running script C:\SoftwareAG\common\db\bin\..\..\..\common\db\ProcessEngine\ProcessAudit/scripts\9.0.1\sqlserver\create_5.sql (5 of 77)
running script C:\SoftwareAG\common\db\bin\..\..\..\common\db\ProcessEngine\ProcessAudit/scripts\9.0.1\sqlserver\create_6.sql (6 of 77)
running script C:\SoftwareAG\common\db\bin\..\..\..\common\db\ProcessEngine\ProcessAudit/scripts\9.0.1\sqlserver\create_7.sql (7 of 77)
running script C:\SoftwareAG\common\db\bin\..\..\..\common\db\ProcessEngine\ProcessAudit/scripts\9.0.1\sqlserver\create_8.sql (8 of 77)
running script ProcessAudit, INSTALL, v9.0.1 (9 of 77)
running script ProcessAudit, MIGRATE, v9.0.1-9.0.1.fix1 (10 of 77)
running script ProcessAudit, INSTALL, v9.0.1.fix1 (11 of 77)
running script C:\SoftwareAG\common\db\bin\..\..\..\common\db\ProcessEngine\ProcessAudit/scripts\9.0.1.fix1-9.5.1\sqlserver\migrate_1.sql (12 of 77)
running script C:\SoftwareAG\common\db\bin\..\..\..\common\db\ProcessEngine\ProcessAudit/scripts\9.0.1.fix1-9.5.1\sqlserver\migrate_2.sql (13 of 77)
running script C:\SoftwareAG\common\db\bin\..\..\..\common\db\ProcessEngine\ProcessAudit/scripts\9.0.1.fix1-9.5.1\sqlserver\migrate_3.sql (14 of 77)
running script C:\SoftwareAG\common\db\bin\..\..\..\common\db\ProcessEngine\ProcessAudit/scripts\9.0.1.fix1-9.5.1\sqlserver\migrate_4.sql (15 of 77)
running script C:\SoftwareAG\common\db\bin\..\..\..\common\db\ProcessEngine\ProcessAudit/scripts\9.0.1.fix1-9.5.1\sqlserver\migrate_5.sql (16 of 77)
running script ProcessAudit, MIGRATE, v9.0.1.fix1-9.5.1 (17 of 77)
running script ProcessAudit, INSTALL, v9.5.1 (18 of 77)
running script C:\SoftwareAG\common\db\bin\..\..\..\common\db\ProcessEngine\ProcessAudit/scripts\9.5.1-9.5.1.fix1\sqlserver\migrate.sql (19 of 77)
running script ProcessAudit, MIGRATE, v9.5.1-9.5.1.fix1 (20 of 77)
running script ProcessAudit, INSTALL, v9.5.1.fix1 (21 of 77)
running script ProcessAudit, MIGRATE, v9.5.1.fix1-9.6 (22 of 77)
running script ProcessAudit, INSTALL, v9.6 (23 of 77)
running script C:\SoftwareAG\common\db\bin\..\..\..\common\db\ProcessEngine\ProcessAudit/scripts\9.6-9.6.fix1\sqlserver\migrate_1.sql (24 of 77)
running script C:\SoftwareAG\common\db\bin\..\..\..\common\db\ProcessEngine\ProcessAudit/scripts\9.6-9.6.fix1\sqlserver\migrate_2.sql (25 of 77)
running script C:\SoftwareAG\common\db\bin\..\..\..\common\db\ProcessEngine\ProcessAudit/scripts\9.6-9.6.fix1\sqlserver\migrate_3.sql (26 of 77)
running script C:\SoftwareAG\common\db\bin\..\..\..\common\db\ProcessEngine\ProcessAudit/scripts\9.6-9.6.fix1\sqlserver\migrate_4.sql (27 of 77)
running script C:\SoftwareAG\common\db\bin\..\..\..\common\db\ProcessEngine\ProcessAudit/scripts\9.6-9.6.fix1\sqlserver\migrate_5.sql (28 of 77)
running script ProcessAudit, MIGRATE, v9.6-9.6.fix1 (29 of 77)
running script ProcessAudit, INSTALL, v9.6.fix1 (30 of 77)
running script C:\SoftwareAG\common\db\bin\..\..\..\common\db\ProcessEngine\ProcessAudit/scripts\9.6.fix1-9.6.fix2\sqlserver\migrate_1.sql (31 of 77)
running script C:\SoftwareAG\common\db\bin\..\..\..\common\db\ProcessEngine\ProcessAudit/scripts\9.6.fix1-9.6.fix2\sqlserver\migrate_2.sql (32 of 77)
running script ProcessAudit, MIGRATE, v9.6.fix1-9.6.fix2 (33 of 77)
running script ProcessAudit, INSTALL, v9.6.fix2 (34 of 77)
running script C:\SoftwareAG\common\db\bin\..\..\..\common\db\ProcessEngine\ProcessAudit/scripts\9.6.fix2-9.6.fix3\sqlserver\migrate.sql (35 of 77)
running script ProcessAudit, MIGRATE, v9.6.fix2-9.6.fix3 (36 of 77)
running script ProcessAudit, INSTALL, v9.6.fix3 (37 of 77)
running script C:\SoftwareAG\common\db\bin\..\..\..\common\db\ProcessEngine\ProcessAudit/scripts\9.6.fix3-9.6.fix4\sqlserver\migrate.sql (38 of 77)
running script ProcessAudit, MIGRATE, v9.6.fix3-9.6.fix4 (39 of 77)
running script ProcessAudit, INSTALL, v9.6.fix4 (40 of 77)
running script C:\SoftwareAG\common\db\bin\..\..\..\common\db\ProcessEngine\ProcessAudit/scripts\9.6.fix4-9.7\sqlserver\migrate_1.sql (41 of 77)
running script C:\SoftwareAG\common\db\bin\..\..\..\common\db\ProcessEngine\ProcessAudit/scripts\9.6.fix4-9.7\sqlserver\migrate_2.sql (42 of 77)
running script C:\SoftwareAG\common\db\bin\..\..\..\common\db\ProcessEngine\ProcessAudit/scripts\9.6.fix4-9.7\sqlserver\migrate_3.sql (43 of 77)
running script ProcessAudit, MIGRATE, v9.6.fix4-9.7 (44 of 77)
running script ProcessAudit, INSTALL, v9.7 (45 of 77)
running script C:\SoftwareAG\common\db\bin\..\..\..\common\db\ProcessEngine\ProcessAudit/scripts\9.7-9.7.fix1\sqlserver\migrate.sql (46 of 77)
running script ProcessAudit, MIGRATE, v9.7-9.7.fix1 (47 of 77)
running script ProcessAudit, INSTALL, v9.7.fix1 (48 of 77)
running script C:\SoftwareAG\common\db\bin\..\..\..\common\db\ProcessEngine\ProcessAudit/scripts\9.7.fix1-9.8\sqlserver\migrate.sql (49 of 77)
running script ProcessAudit, MIGRATE, v9.7.fix1-9.8 (50 of 77)
running script ProcessAudit, INSTALL, v9.8 (51 of 77)
running script C:\SoftwareAG\common\db\bin\..\..\..\common\db\ProcessEngine\ProcessAudit/scripts\9.8-9.12\sqlserver\migrate.sql (52 of 77)
running script ProcessAudit, MIGRATE, v9.8-9.12 (53 of 77)
running script ProcessAudit, INSTALL, v9.12 (54 of 77)
running script ProcessAudit, MIGRATE, v9.12-9.12.fix1 (55 of 77)
running script ProcessAudit, INSTALL, v9.12.fix1 (56 of 77)
running script C:\SoftwareAG\common\db\bin\..\..\..\common\db\ProcessEngine\ProcessAudit/scripts\9.12.fix1-10.0\sqlserver\migrate_1.sql (57 of 77)
running script C:\SoftwareAG\common\db\bin\..\..\..\common\db\ProcessEngine\ProcessAudit/scripts\9.12.fix1-10.0\sqlserver\migrate_2.sql (58 of 77)
running script C:\SoftwareAG\common\db\bin\..\..\..\common\db\ProcessEngine\ProcessAudit/scripts\9.12.fix1-10.0\sqlserver\migrate_3.sql (59 of 77)
running script C:\SoftwareAG\common\db\bin\..\..\..\common\db\ProcessEngine\ProcessAudit/scripts\9.12.fix1-10.0\sqlserver\migrate_4.sql (60 of 77)
running script C:\SoftwareAG\common\db\bin\..\..\..\common\db\ProcessEngine\ProcessAudit/scripts\9.12.fix1-10.0\sqlserver\migrate_5.sql (61 of 77)
running script ProcessAudit, MIGRATE, v9.12.fix1-10.0 (62 of 77)
running script ProcessAudit, INSTALL, v10.0 (63 of 77)
running script C:\SoftwareAG\common\db\bin\..\..\..\common\db\ProcessEngine\ProcessAudit/scripts\10.0-10.1\sqlserver\migrate_1.sql (64 of 77)
running script C:\SoftwareAG\common\db\bin\..\..\..\common\db\ProcessEngine\ProcessAudit/scripts\10.0-10.1\sqlserver\migrate_2.sql (65 of 77)
running script C:\SoftwareAG\common\db\bin\..\..\..\common\db\ProcessEngine\ProcessAudit/scripts\10.0-10.1\sqlserver\migrate_3.sql (66 of 77)
running script ProcessAudit, MIGRATE, v10.0-10.1 (67 of 77)
running script ProcessAudit, INSTALL, v10.1 (68 of 77)
running script C:\SoftwareAG\common\db\bin\..\..\..\common\db\ProcessEngine\ProcessAudit/scripts\10.1-10.1.fix1\sqlserver\migrate.sql (69 of 77)
running script ProcessAudit, MIGRATE, v10.1-10.1.fix1 (70 of 77)
running script ProcessAudit, INSTALL, v10.1.fix1 (71 of 77)
running script C:\SoftwareAG\common\db\bin\..\..\..\common\db\ProcessEngine\ProcessAudit/scripts\10.1.fix1-10.3\sqlserver\migrate_1.sql (72 of 77)
running script C:\SoftwareAG\common\db\bin\..\..\..\common\db\ProcessEngine\ProcessAudit/scripts\10.1.fix1-10.3\sqlserver\migrate_2.sql (73 of 77)
running script C:\SoftwareAG\common\db\bin\..\..\..\common\db\ProcessEngine\ProcessAudit/scripts\10.1.fix1-10.3\sqlserver\migrate_3.sql (74 of 77)
running script C:\SoftwareAG\common\db\bin\..\..\..\common\db\ProcessEngine\ProcessAudit/scripts\10.1.fix1-10.3\sqlserver\migrate_4.sql (75 of 77)
running script ProcessAudit, MIGRATE, v10.1.fix1-10.3 (76 of 77)
running script ProcessAudit, INSTALL, v10.3 (77 of 77)
created component ProcessAudit version latest
**** completed create on component ProcessAudit, version latest ****
processing component not installed: Archive
running create on component Archive, version latest
running script C:\SoftwareAG\common\db\bin\..\..\..\common\db\Monitor\Archive/scripts\9.0.1\sqlserver\create_1.sql (1 of 307)
running script C:\SoftwareAG\common\db\bin\..\..\..\common\db\Monitor\Archive/scripts\9.0.1\sqlserver\create_2.sql (2 of 307)
running script C:\SoftwareAG\common\db\bin\..\..\..\common\db\Monitor\Archive/scripts\9.0.1\sqlserver\create_3.sql (3 of 307)
running script C:\SoftwareAG\common\db\bin\..\..\..\common\db\Monitor\Archive/scripts\9.0.1\sqlserver\create_4.sql (4 of 307)
running script C:\SoftwareAG\common\db\bin\..\..\..\common\db\Monitor\Archive/scripts\9.0.1\sqlserver\create_5.sql (5 of 307)
running script C:\SoftwareAG\common\db\bin\..\..\..\common\db\Monitor\Archive/scripts\9.0.1\sqlserver\create_6.sql (6 of 307)
running script C:\SoftwareAG\common\db\bin\..\..\..\common\db\Monitor\Archive/scripts\9.0.1\sqlserver\create_7.sql (7 of 307)
running script C:\SoftwareAG\common\db\bin\..\..\..\common\db\Monitor\Archive/scripts\9.0.1\sqlserver\create_8.sql (8 of 307)
running script C:\SoftwareAG\common\db\bin\..\..\..\common\db\Monitor\Archive/scripts\9.0.1\sqlserver\create_9.sql (9 of 307)
running script C:\SoftwareAG\common\db\bin\..\..\..\common\db\Monitor\Archive/scripts\9.0.1\sqlserver\create_10.sql (10 of 307)
running script C:\SoftwareAG\common\db\bin\..\..\..\common\db\Monitor\Archive/scripts\9.0.1\sqlserver\create_11.sql (11 of 307)
running script C:\SoftwareAG\common\db\bin\..\..\..\common\db\Monitor\Archive/scripts\9.0.1\sqlserver\create_12.sql (12 of 307)
running script C:\SoftwareAG\common\db\bin\..\..\..\common\db\Monitor\Archive/scripts\9.0.1\sqlserver\create_13.sql (13 of 307)
running script C:\SoftwareAG\common\db\bin\..\..\..\common\db\Monitor\Archive/scripts\9.0.1\sqlserver\create_14.sql (14 of 307)
running script C:\SoftwareAG\common\db\bin\..\..\..\common\db\Monitor\Archive/scripts\9.0.1\sqlserver\create_15.sql (15 of 307)
running script C:\SoftwareAG\common\db\bin\..\..\..\common\db\Monitor\Archive/scripts\9.0.1\sqlserver\create_16.sql (16 of 307)
running script C:\SoftwareAG\common\db\bin\..\..\..\common\db\Monitor\Archive/scripts\9.0.1\sqlserver\create_17.sql (17 of 307)
running script C:\SoftwareAG\common\db\bin\..\..\..\common\db\Monitor\Archive/scripts\9.0.1\sqlserver\create_18.sql (18 of 307)
running script C:\SoftwareAG\common\db\bin\..\..\..\common\db\Monitor\Archive/scripts\9.0.1\sqlserver\create_19.sql (19 of 307)
running script C:\SoftwareAG\common\db\bin\..\..\..\common\db\Monitor\Archive/scripts\9.0.1\sqlserver\create_20.sql (20 of 307)
running script C:\SoftwareAG\common\db\bin\..\..\..\common\db\Monitor\Archive/scripts\9.0.1\sqlserver\create_21.sql (21 of 307)
running script C:\SoftwareAG\common\db\bin\..\..\..\common\db\Monitor\Archive/scripts\9.0.1\sqlserver\create_22.sql (22 of 307)
running script C:\SoftwareAG\common\db\bin\..\..\..\common\db\Monitor\Archive/scripts\9.0.1\sqlserver\create_23.sql (23 of 307)
running script Archive, INSTALL, v9.0.1 (24 of 307)
running script C:\SoftwareAG\common\db\bin\..\..\..\common\db\Monitor\Archive/scripts\9.0.1-9.0.1.fix1\sqlserver\migrate_1.sql (25 of 307)
running script C:\SoftwareAG\common\db\bin\..\..\..\common\db\Monitor\Archive/scripts\9.0.1-9.0.1.fix1\sqlserver\migrate_2.sql (26 of 307)
running script C:\SoftwareAG\common\db\bin\..\..\..\common\db\Monitor\Archive/scripts\9.0.1-9.0.1.fix1\sqlserver\migrate_3.sql (27 of 307)
running script C:\SoftwareAG\common\db\bin\..\..\..\common\db\Monitor\Archive/scripts\9.0.1-9.0.1.fix1\sqlserver\migrate_4.sql (28 of 307)
running script C:\SoftwareAG\common\db\bin\..\..\..\common\db\Monitor\Archive/scripts\9.0.1-9.0.1.fix1\sqlserver\migrate_5.sql (29 of 307)
running script C:\SoftwareAG\common\db\bin\..\..\..\common\db\Monitor\Archive/scripts\9.0.1-9.0.1.fix1\sqlserver\migrate_6.sql (30 of 307)
running script C:\SoftwareAG\common\db\bin\..\..\..\common\db\Monitor\Archive/scripts\9.0.1-9.0.1.fix1\sqlserver\migrate_7.sql (31 of 307)
running script C:\SoftwareAG\common\db\bin\..\..\..\common\db\Monitor\Archive/scripts\9.0.1-9.0.1.fix1\sqlserver\migrate_8.sql (32 of 307)
running script C:\SoftwareAG\common\db\bin\..\..\..\common\db\Monitor\Archive/scripts\9.0.1-9.0.1.fix1\sqlserver\migrate_9.sql (33 of 307)
running script C:\SoftwareAG\common\db\bin\..\..\..\common\db\Monitor\Archive/scripts\9.0.1-9.0.1.fix1\sqlserver\migrate_10.sql (34 of 307)
running script C:\SoftwareAG\common\db\bin\..\..\..\common\db\Monitor\Archive/scripts\9.0.1-9.0.1.fix1\sqlserver\migrate_11.sql (35 of 307)
running script C:\SoftwareAG\common\db\bin\..\..\..\common\db\Monitor\Archive/scripts\9.0.1-9.0.1.fix1\sqlserver\migrate_12.sql (36 of 307)
running script C:\SoftwareAG\common\db\bin\..\..\..\common\db\Monitor\Archive/scripts\9.0.1-9.0.1.fix1\sqlserver\migrate_13.sql (37 of 307)
running script C:\SoftwareAG\common\db\bin\..\..\..\common\db\Monitor\Archive/scripts\9.0.1-9.0.1.fix1\sqlserver\migrate_14.sql (38 of 307)
running script C:\SoftwareAG\common\db\bin\..\..\..\common\db\Monitor\Archive/scripts\9.0.1-9.0.1.fix1\sqlserver\migrate_15.sql (39 of 307)
running script C:\SoftwareAG\common\db\bin\..\..\..\common\db\Monitor\Archive/scripts\9.0.1-9.0.1.fix1\sqlserver\migrate_16.sql (40 of 307)
running script C:\SoftwareAG\common\db\bin\..\..\..\common\db\Monitor\Archive/scripts\9.0.1-9.0.1.fix1\sqlserver\migrate_17.sql (41 of 307)
running script C:\SoftwareAG\common\db\bin\..\..\..\common\db\Monitor\Archive/scripts\9.0.1-9.0.1.fix1\sqlserver\migrate_18.sql (42 of 307)
running script C:\SoftwareAG\common\db\bin\..\..\..\common\db\Monitor\Archive/scripts\9.0.1-9.0.1.fix1\sqlserver\migrate_19.sql (43 of 307)
running script C:\SoftwareAG\common\db\bin\..\..\..\common\db\Monitor\Archive/scripts\9.0.1-9.0.1.fix1\sqlserver\migrate_20.sql (44 of 307)
running script C:\SoftwareAG\common\db\bin\..\..\..\common\db\Monitor\Archive/scripts\9.0.1-9.0.1.fix1\sqlserver\migrate_21.sql (45 of 307)
running script C:\SoftwareAG\common\db\bin\..\..\..\common\db\Monitor\Archive/scripts\9.0.1-9.0.1.fix1\sqlserver\migrate_22.sql (46 of 307)
running script C:\SoftwareAG\common\db\bin\..\..\..\common\db\Monitor\Archive/scripts\9.0.1-9.0.1.fix1\sqlserver\migrate_23.sql (47 of 307)
running script C:\SoftwareAG\common\db\bin\..\..\..\common\db\Monitor\Archive/scripts\9.0.1-9.0.1.fix1\sqlserver\migrate_24.sql (48 of 307)
running script C:\SoftwareAG\common\db\bin\..\..\..\common\db\Monitor\Archive/scripts\9.0.1-9.0.1.fix1\sqlserver\migrate_25.sql (49 of 307)
running script Archive, MIGRATE, v9.0.1-9.0.1.fix1 (50 of 307)
running script Archive, INSTALL, v9.0.1.fix1 (51 of 307)
running script C:\SoftwareAG\common\db\bin\..\..\..\common\db\Monitor\Archive/scripts\9.0.1.fix1-9.0.1.fix2\sqlserver\migrate_1.sql (52 of 307)
running script C:\SoftwareAG\common\db\bin\..\..\..\common\db\Monitor\Archive/scripts\9.0.1.fix1-9.0.1.fix2\sqlserver\migrate_2.sql (53 of 307)
running script Archive, MIGRATE, v9.0.1.fix1-9.0.1.fix2 (54 of 307)
running script Archive, INSTALL, v9.0.1.fix2 (55 of 307)
running script C:\SoftwareAG\common\db\bin\..\..\..\common\db\Monitor\Archive/scripts\9.0.1.fix2-9.0.1.fix3\sqlserver\migrate_1.sql (56 of 307)
running script C:\SoftwareAG\common\db\bin\..\..\..\common\db\Monitor\Archive/scripts\9.0.1.fix2-9.0.1.fix3\sqlserver\migrate_2.sql (57 of 307)
running script Archive, MIGRATE, v9.0.1.fix2-9.0.1.fix3 (58 of 307)
running script Archive, INSTALL, v9.0.1.fix3 (59 of 307)
running script C:\SoftwareAG\common\db\bin\..\..\..\common\db\Monitor\Archive/scripts\9.0.1.fix3-9.5.1.fix1\sqlserver\migrate_1.sql (60 of 307)
running script C:\SoftwareAG\common\db\bin\..\..\..\common\db\Monitor\Archive/scripts\9.0.1.fix3-9.5.1.fix1\sqlserver\migrate_2.sql (61 of 307)
running script C:\SoftwareAG\common\db\bin\..\..\..\common\db\Monitor\Archive/scripts\9.0.1.fix3-9.5.1.fix1\sqlserver\migrate_3.sql (62 of 307)
running script C:\SoftwareAG\common\db\bin\..\..\..\common\db\Monitor\Archive/scripts\9.0.1.fix3-9.5.1.fix1\sqlserver\migrate_4.sql (63 of 307)
running script Archive, MIGRATE, v9.0.1.fix3-9.5.1.fix1 (64 of 307)
running script Archive, INSTALL, v9.5.1.fix1 (65 of 307)
running script C:\SoftwareAG\common\db\bin\..\..\..\common\db\Monitor\Archive/scripts\9.5.1.fix1-9.6\sqlserver\migrate_1.sql (66 of 307)
running script C:\SoftwareAG\common\db\bin\..\..\..\common\db\Monitor\Archive/scripts\9.5.1.fix1-9.6\sqlserver\migrate_2.sql (67 of 307)
running script C:\SoftwareAG\common\db\bin\..\..\..\common\db\Monitor\Archive/scripts\9.5.1.fix1-9.6\sqlserver\migrate_3.sql (68 of 307)
running script C:\SoftwareAG\common\db\bin\..\..\..\common\db\Monitor\Archive/scripts\9.5.1.fix1-9.6\sqlserver\migrate_4.sql (69 of 307)
running script C:\SoftwareAG\common\db\bin\..\..\..\common\db\Monitor\Archive/scripts\9.5.1.fix1-9.6\sqlserver\migrate_5.sql (70 of 307)
running script C:\SoftwareAG\common\db\bin\..\..\..\common\db\Monitor\Archive/scripts\9.5.1.fix1-9.6\sqlserver\migrate_6.sql (71 of 307)
running script C:\SoftwareAG\common\db\bin\..\..\..\common\db\Monitor\Archive/scripts\9.5.1.fix1-9.6\sqlserver\migrate_7.sql (72 of 307)
running script C:\SoftwareAG\common\db\bin\..\..\..\common\db\Monitor\Archive/scripts\9.5.1.fix1-9.6\sqlserver\migrate_8.sql (73 of 307)
running script C:\SoftwareAG\common\db\bin\..\..\..\common\db\Monitor\Archive/scripts\9.5.1.fix1-9.6\sqlserver\migrate_9.sql (74 of 307)
running script C:\SoftwareAG\common\db\bin\..\..\..\common\db\Monitor\Archive/scripts\9.5.1.fix1-9.6\sqlserver\migrate_10.sql (75 of 307)
running script C:\SoftwareAG\common\db\bin\..\..\..\common\db\Monitor\Archive/scripts\9.5.1.fix1-9.6\sqlserver\migrate_11.sql (76 of 307)
running script C:\SoftwareAG\common\db\bin\..\..\..\common\db\Monitor\Archive/scripts\9.5.1.fix1-9.6\sqlserver\migrate_12.sql (77 of 307)
running script C:\SoftwareAG\common\db\bin\..\..\..\common\db\Monitor\Archive/scripts\9.5.1.fix1-9.6\sqlserver\migrate_13.sql (78 of 307)
running script C:\SoftwareAG\common\db\bin\..\..\..\common\db\Monitor\Archive/scripts\9.5.1.fix1-9.6\sqlserver\migrate_14.sql (79 of 307)
running script C:\SoftwareAG\common\db\bin\..\..\..\common\db\Monitor\Archive/scripts\9.5.1.fix1-9.6\sqlserver\migrate_15.sql (80 of 307)
running script C:\SoftwareAG\common\db\bin\..\..\..\common\db\Monitor\Archive/scripts\9.5.1.fix1-9.6\sqlserver\migrate_16.sql (81 of 307)
running script C:\SoftwareAG\common\db\bin\..\..\..\common\db\Monitor\Archive/scripts\9.5.1.fix1-9.6\sqlserver\migrate_17.sql (82 of 307)
running script C:\SoftwareAG\common\db\bin\..\..\..\common\db\Monitor\Archive/scripts\9.5.1.fix1-9.6\sqlserver\migrate_18.sql (83 of 307)
running script C:\SoftwareAG\common\db\bin\..\..\..\common\db\Monitor\Archive/scripts\9.5.1.fix1-9.6\sqlserver\migrate_19.sql (84 of 307)
running script C:\SoftwareAG\common\db\bin\..\..\..\common\db\Monitor\Archive/scripts\9.5.1.fix1-9.6\sqlserver\migrate_20.sql (85 of 307)
running script C:\SoftwareAG\common\db\bin\..\..\..\common\db\Monitor\Archive/scripts\9.5.1.fix1-9.6\sqlserver\migrate_21.sql (86 of 307)
running script C:\SoftwareAG\common\db\bin\..\..\..\common\db\Monitor\Archive/scripts\9.5.1.fix1-9.6\sqlserver\migrate_22.sql (87 of 307)
running script C:\SoftwareAG\common\db\bin\..\..\..\common\db\Monitor\Archive/scripts\9.5.1.fix1-9.6\sqlserver\migrate_23.sql (88 of 307)
running script C:\SoftwareAG\common\db\bin\..\..\..\common\db\Monitor\Archive/scripts\9.5.1.fix1-9.6\sqlserver\migrate_24.sql (89 of 307)
running script C:\SoftwareAG\common\db\bin\..\..\..\common\db\Monitor\Archive/scripts\9.5.1.fix1-9.6\sqlserver\migrate_25.sql (90 of 307)
running script Archive, MIGRATE, v9.5.1.fix1-9.6 (91 of 307)
running script Archive, INSTALL, v9.6 (92 of 307)
running script C:\SoftwareAG\common\db\bin\..\..\..\common\db\Monitor\Archive/scripts\9.6-9.6.fix1\sqlserver\migrate_1.sql (93 of 307)
running script C:\SoftwareAG\common\db\bin\..\..\..\common\db\Monitor\Archive/scripts\9.6-9.6.fix1\sqlserver\migrate_2.sql (94 of 307)
running script C:\SoftwareAG\common\db\bin\..\..\..\common\db\Monitor\Archive/scripts\9.6-9.6.fix1\sqlserver\migrate_3.sql (95 of 307)
running script C:\SoftwareAG\common\db\bin\..\..\..\common\db\Monitor\Archive/scripts\9.6-9.6.fix1\sqlserver\migrate_4.sql (96 of 307)
running script C:\SoftwareAG\common\db\bin\..\..\..\common\db\Monitor\Archive/scripts\9.6-9.6.fix1\sqlserver\migrate_5.sql (97 of 307)
running script C:\SoftwareAG\common\db\bin\..\..\..\common\db\Monitor\Archive/scripts\9.6-9.6.fix1\sqlserver\migrate_6.sql (98 of 307)
running script C:\SoftwareAG\common\db\bin\..\..\..\common\db\Monitor\Archive/scripts\9.6-9.6.fix1\sqlserver\migrate_7.sql (99 of 307)
running script C:\SoftwareAG\common\db\bin\..\..\..\common\db\Monitor\Archive/scripts\9.6-9.6.fix1\sqlserver\migrate_8.sql (100 of 307)
running script C:\SoftwareAG\common\db\bin\..\..\..\common\db\Monitor\Archive/scripts\9.6-9.6.fix1\sqlserver\migrate_9.sql (101 of 307)
running script C:\SoftwareAG\common\db\bin\..\..\..\common\db\Monitor\Archive/scripts\9.6-9.6.fix1\sqlserver\migrate_10.sql (102 of 307)
running script C:\SoftwareAG\common\db\bin\..\..\..\common\db\Monitor\Archive/scripts\9.6-9.6.fix1\sqlserver\migrate_11.sql (103 of 307)
running script C:\SoftwareAG\common\db\bin\..\..\..\common\db\Monitor\Archive/scripts\9.6-9.6.fix1\sqlserver\migrate_12.sql (104 of 307)
running script C:\SoftwareAG\common\db\bin\..\..\..\common\db\Monitor\Archive/scripts\9.6-9.6.fix1\sqlserver\migrate_13.sql (105 of 307)
running script C:\SoftwareAG\common\db\bin\..\..\..\common\db\Monitor\Archive/scripts\9.6-9.6.fix1\sqlserver\migrate_14.sql (106 of 307)
running script C:\SoftwareAG\common\db\bin\..\..\..\common\db\Monitor\Archive/scripts\9.6-9.6.fix1\sqlserver\migrate_15.sql (107 of 307)
running script C:\SoftwareAG\common\db\bin\..\..\..\common\db\Monitor\Archive/scripts\9.6-9.6.fix1\sqlserver\migrate_16.sql (108 of 307)
running script C:\SoftwareAG\common\db\bin\..\..\..\common\db\Monitor\Archive/scripts\9.6-9.6.fix1\sqlserver\migrate_17.sql (109 of 307)
running script C:\SoftwareAG\common\db\bin\..\..\..\common\db\Monitor\Archive/scripts\9.6-9.6.fix1\sqlserver\migrate_18.sql (110 of 307)
running script C:\SoftwareAG\common\db\bin\..\..\..\common\db\Monitor\Archive/scripts\9.6-9.6.fix1\sqlserver\migrate_19.sql (111 of 307)
running script C:\SoftwareAG\common\db\bin\..\..\..\common\db\Monitor\Archive/scripts\9.6-9.6.fix1\sqlserver\migrate_20.sql (112 of 307)
running script C:\SoftwareAG\common\db\bin\..\..\..\common\db\Monitor\Archive/scripts\9.6-9.6.fix1\sqlserver\migrate_21.sql (113 of 307)
running script C:\SoftwareAG\common\db\bin\..\..\..\common\db\Monitor\Archive/scripts\9.6-9.6.fix1\sqlserver\migrate_22.sql (114 of 307)
running script C:\SoftwareAG\common\db\bin\..\..\..\common\db\Monitor\Archive/scripts\9.6-9.6.fix1\sqlserver\migrate_23.sql (115 of 307)
running script C:\SoftwareAG\common\db\bin\..\..\..\common\db\Monitor\Archive/scripts\9.6-9.6.fix1\sqlserver\migrate_24.sql (116 of 307)
running script C:\SoftwareAG\common\db\bin\..\..\..\common\db\Monitor\Archive/scripts\9.6-9.6.fix1\sqlserver\migrate_25.sql (117 of 307)
running script Archive, MIGRATE, v9.6-9.6.fix1 (118 of 307)
running script Archive, INSTALL, v9.6.fix1 (119 of 307)
running script C:\SoftwareAG\common\db\bin\..\..\..\common\db\Monitor\Archive/scripts\9.6.fix1-9.6.fix2\sqlserver\migrate_1.sql (120 of 307)
running script C:\SoftwareAG\common\db\bin\..\..\..\common\db\Monitor\Archive/scripts\9.6.fix1-9.6.fix2\sqlserver\migrate_2.sql (121 of 307)
running script C:\SoftwareAG\common\db\bin\..\..\..\common\db\Monitor\Archive/scripts\9.6.fix1-9.6.fix2\sqlserver\migrate_3.sql (122 of 307)
running script C:\SoftwareAG\common\db\bin\..\..\..\common\db\Monitor\Archive/scripts\9.6.fix1-9.6.fix2\sqlserver\migrate_4.sql (123 of 307)
running script C:\SoftwareAG\common\db\bin\..\..\..\common\db\Monitor\Archive/scripts\9.6.fix1-9.6.fix2\sqlserver\migrate_5.sql (124 of 307)
running script C:\SoftwareAG\common\db\bin\..\..\..\common\db\Monitor\Archive/scripts\9.6.fix1-9.6.fix2\sqlserver\migrate_6.sql (125 of 307)
running script C:\SoftwareAG\common\db\bin\..\..\..\common\db\Monitor\Archive/scripts\9.6.fix1-9.6.fix2\sqlserver\migrate_7.sql (126 of 307)
running script C:\SoftwareAG\common\db\bin\..\..\..\common\db\Monitor\Archive/scripts\9.6.fix1-9.6.fix2\sqlserver\migrate_8.sql (127 of 307)
running script C:\SoftwareAG\common\db\bin\..\..\..\common\db\Monitor\Archive/scripts\9.6.fix1-9.6.fix2\sqlserver\migrate_9.sql (128 of 307)
running script C:\SoftwareAG\common\db\bin\..\..\..\common\db\Monitor\Archive/scripts\9.6.fix1-9.6.fix2\sqlserver\migrate_10.sql (129 of 307)
running script C:\SoftwareAG\common\db\bin\..\..\..\common\db\Monitor\Archive/scripts\9.6.fix1-9.6.fix2\sqlserver\migrate_11.sql (130 of 307)
running script C:\SoftwareAG\common\db\bin\..\..\..\common\db\Monitor\Archive/scripts\9.6.fix1-9.6.fix2\sqlserver\migrate_12.sql (131 of 307)
running script C:\SoftwareAG\common\db\bin\..\..\..\common\db\Monitor\Archive/scripts\9.6.fix1-9.6.fix2\sqlserver\migrate_13.sql (132 of 307)
running script C:\SoftwareAG\common\db\bin\..\..\..\common\db\Monitor\Archive/scripts\9.6.fix1-9.6.fix2\sqlserver\migrate_14.sql (133 of 307)
running script C:\SoftwareAG\common\db\bin\..\..\..\common\db\Monitor\Archive/scripts\9.6.fix1-9.6.fix2\sqlserver\migrate_15.sql (134 of 307)
running script C:\SoftwareAG\common\db\bin\..\..\..\common\db\Monitor\Archive/scripts\9.6.fix1-9.6.fix2\sqlserver\migrate_16.sql (135 of 307)
running script C:\SoftwareAG\common\db\bin\..\..\..\common\db\Monitor\Archive/scripts\9.6.fix1-9.6.fix2\sqlserver\migrate_17.sql (136 of 307)
running script C:\SoftwareAG\common\db\bin\..\..\..\common\db\Monitor\Archive/scripts\9.6.fix1-9.6.fix2\sqlserver\migrate_18.sql (137 of 307)
running script C:\SoftwareAG\common\db\bin\..\..\..\common\db\Monitor\Archive/scripts\9.6.fix1-9.6.fix2\sqlserver\migrate_19.sql (138 of 307)
running script C:\SoftwareAG\common\db\bin\..\..\..\common\db\Monitor\Archive/scripts\9.6.fix1-9.6.fix2\sqlserver\migrate_20.sql (139 of 307)
running script C:\SoftwareAG\common\db\bin\..\..\..\common\db\Monitor\Archive/scripts\9.6.fix1-9.6.fix2\sqlserver\migrate_21.sql (140 of 307)
running script C:\SoftwareAG\common\db\bin\..\..\..\common\db\Monitor\Archive/scripts\9.6.fix1-9.6.fix2\sqlserver\migrate_22.sql (141 of 307)
running script C:\SoftwareAG\common\db\bin\..\..\..\common\db\Monitor\Archive/scripts\9.6.fix1-9.6.fix2\sqlserver\migrate_23.sql (142 of 307)
running script C:\SoftwareAG\common\db\bin\..\..\..\common\db\Monitor\Archive/scripts\9.6.fix1-9.6.fix2\sqlserver\migrate_24.sql (143 of 307)
running script C:\SoftwareAG\common\db\bin\..\..\..\common\db\Monitor\Archive/scripts\9.6.fix1-9.6.fix2\sqlserver\migrate_25.sql (144 of 307)
running script Archive, MIGRATE, v9.6.fix1-9.6.fix2 (145 of 307)
running script Archive, INSTALL, v9.6.fix2 (146 of 307)
running script C:\SoftwareAG\common\db\bin\..\..\..\common\db\Monitor\Archive/scripts\9.6.fix2-9.6.fix3\sqlserver\migrate_1.sql (147 of 307)
running script C:\SoftwareAG\common\db\bin\..\..\..\common\db\Monitor\Archive/scripts\9.6.fix2-9.6.fix3\sqlserver\migrate_2.sql (148 of 307)
running script C:\SoftwareAG\common\db\bin\..\..\..\common\db\Monitor\Archive/scripts\9.6.fix2-9.6.fix3\sqlserver\migrate_3.sql (149 of 307)
running script C:\SoftwareAG\common\db\bin\..\..\..\common\db\Monitor\Archive/scripts\9.6.fix2-9.6.fix3\sqlserver\migrate_4.sql (150 of 307)
running script C:\SoftwareAG\common\db\bin\..\..\..\common\db\Monitor\Archive/scripts\9.6.fix2-9.6.fix3\sqlserver\migrate_5.sql (151 of 307)
running script C:\SoftwareAG\common\db\bin\..\..\..\common\db\Monitor\Archive/scripts\9.6.fix2-9.6.fix3\sqlserver\migrate_6.sql (152 of 307)
running script C:\SoftwareAG\common\db\bin\..\..\..\common\db\Monitor\Archive/scripts\9.6.fix2-9.6.fix3\sqlserver\migrate_7.sql (153 of 307)
running script C:\SoftwareAG\common\db\bin\..\..\..\common\db\Monitor\Archive/scripts\9.6.fix2-9.6.fix3\sqlserver\migrate_8.sql (154 of 307)
running script C:\SoftwareAG\common\db\bin\..\..\..\common\db\Monitor\Archive/scripts\9.6.fix2-9.6.fix3\sqlserver\migrate_9.sql (155 of 307)
running script C:\SoftwareAG\common\db\bin\..\..\..\common\db\Monitor\Archive/scripts\9.6.fix2-9.6.fix3\sqlserver\migrate_10.sql (156 of 307)
running script C:\SoftwareAG\common\db\bin\..\..\..\common\db\Monitor\Archive/scripts\9.6.fix2-9.6.fix3\sqlserver\migrate_11.sql (157 of 307)
running script C:\SoftwareAG\common\db\bin\..\..\..\common\db\Monitor\Archive/scripts\9.6.fix2-9.6.fix3\sqlserver\migrate_12.sql (158 of 307)
running script C:\SoftwareAG\common\db\bin\..\..\..\common\db\Monitor\Archive/scripts\9.6.fix2-9.6.fix3\sqlserver\migrate_13.sql (159 of 307)
running script C:\SoftwareAG\common\db\bin\..\..\..\common\db\Monitor\Archive/scripts\9.6.fix2-9.6.fix3\sqlserver\migrate_14.sql (160 of 307)
running script C:\SoftwareAG\common\db\bin\..\..\..\common\db\Monitor\Archive/scripts\9.6.fix2-9.6.fix3\sqlserver\migrate_15.sql (161 of 307)
running script C:\SoftwareAG\common\db\bin\..\..\..\common\db\Monitor\Archive/scripts\9.6.fix2-9.6.fix3\sqlserver\migrate_16.sql (162 of 307)
running script C:\SoftwareAG\common\db\bin\..\..\..\common\db\Monitor\Archive/scripts\9.6.fix2-9.6.fix3\sqlserver\migrate_17.sql (163 of 307)
running script C:\SoftwareAG\common\db\bin\..\..\..\common\db\Monitor\Archive/scripts\9.6.fix2-9.6.fix3\sqlserver\migrate_18.sql (164 of 307)
running script C:\SoftwareAG\common\db\bin\..\..\..\common\db\Monitor\Archive/scripts\9.6.fix2-9.6.fix3\sqlserver\migrate_19.sql (165 of 307)
running script C:\SoftwareAG\common\db\bin\..\..\..\common\db\Monitor\Archive/scripts\9.6.fix2-9.6.fix3\sqlserver\migrate_20.sql (166 of 307)
running script C:\SoftwareAG\common\db\bin\..\..\..\common\db\Monitor\Archive/scripts\9.6.fix2-9.6.fix3\sqlserver\migrate_21.sql (167 of 307)
running script C:\SoftwareAG\common\db\bin\..\..\..\common\db\Monitor\Archive/scripts\9.6.fix2-9.6.fix3\sqlserver\migrate_22.sql (168 of 307)
running script C:\SoftwareAG\common\db\bin\..\..\..\common\db\Monitor\Archive/scripts\9.6.fix2-9.6.fix3\sqlserver\migrate_23.sql (169 of 307)
running script C:\SoftwareAG\common\db\bin\..\..\..\common\db\Monitor\Archive/scripts\9.6.fix2-9.6.fix3\sqlserver\migrate_24.sql (170 of 307)
running script C:\SoftwareAG\common\db\bin\..\..\..\common\db\Monitor\Archive/scripts\9.6.fix2-9.6.fix3\sqlserver\migrate_25.sql (171 of 307)
running script Archive, MIGRATE, v9.6.fix2-9.6.fix3 (172 of 307)
running script Archive, INSTALL, v9.6.fix3 (173 of 307)
running script Archive, MIGRATE, v9.6.fix3-9.6.fix4 (174 of 307)
running script Archive, INSTALL, v9.6.fix4 (175 of 307)
running script C:\SoftwareAG\common\db\bin\..\..\..\common\db\Monitor\Archive/scripts\9.6.fix4-9.6.fix5\sqlserver\migrate_1.sql (176 of 307)
running script C:\SoftwareAG\common\db\bin\..\..\..\common\db\Monitor\Archive/scripts\9.6.fix4-9.6.fix5\sqlserver\migrate_2.sql (177 of 307)
running script C:\SoftwareAG\common\db\bin\..\..\..\common\db\Monitor\Archive/scripts\9.6.fix4-9.6.fix5\sqlserver\migrate_3.sql (178 of 307)
running script C:\SoftwareAG\common\db\bin\..\..\..\common\db\Monitor\Archive/scripts\9.6.fix4-9.6.fix5\sqlserver\migrate_4.sql (179 of 307)
running script C:\SoftwareAG\common\db\bin\..\..\..\common\db\Monitor\Archive/scripts\9.6.fix4-9.6.fix5\sqlserver\migrate_5.sql (180 of 307)
running script C:\SoftwareAG\common\db\bin\..\..\..\common\db\Monitor\Archive/scripts\9.6.fix4-9.6.fix5\sqlserver\migrate_6.sql (181 of 307)
running script C:\SoftwareAG\common\db\bin\..\..\..\common\db\Monitor\Archive/scripts\9.6.fix4-9.6.fix5\sqlserver\migrate_7.sql (182 of 307)
running script C:\SoftwareAG\common\db\bin\..\..\..\common\db\Monitor\Archive/scripts\9.6.fix4-9.6.fix5\sqlserver\migrate_8.sql (183 of 307)
running script C:\SoftwareAG\common\db\bin\..\..\..\common\db\Monitor\Archive/scripts\9.6.fix4-9.6.fix5\sqlserver\migrate_9.sql (184 of 307)
running script C:\SoftwareAG\common\db\bin\..\..\..\common\db\Monitor\Archive/scripts\9.6.fix4-9.6.fix5\sqlserver\migrate_10.sql (185 of 307)
running script C:\SoftwareAG\common\db\bin\..\..\..\common\db\Monitor\Archive/scripts\9.6.fix4-9.6.fix5\sqlserver\migrate_11.sql (186 of 307)
running script C:\SoftwareAG\common\db\bin\..\..\..\common\db\Monitor\Archive/scripts\9.6.fix4-9.6.fix5\sqlserver\migrate_12.sql (187 of 307)
running script C:\SoftwareAG\common\db\bin\..\..\..\common\db\Monitor\Archive/scripts\9.6.fix4-9.6.fix5\sqlserver\migrate_13.sql (188 of 307)
running script C:\SoftwareAG\common\db\bin\..\..\..\common\db\Monitor\Archive/scripts\9.6.fix4-9.6.fix5\sqlserver\migrate_14.sql (189 of 307)
running script C:\SoftwareAG\common\db\bin\..\..\..\common\db\Monitor\Archive/scripts\9.6.fix4-9.6.fix5\sqlserver\migrate_15.sql (190 of 307)
running script C:\SoftwareAG\common\db\bin\..\..\..\common\db\Monitor\Archive/scripts\9.6.fix4-9.6.fix5\sqlserver\migrate_16.sql (191 of 307)
running script C:\SoftwareAG\common\db\bin\..\..\..\common\db\Monitor\Archive/scripts\9.6.fix4-9.6.fix5\sqlserver\migrate_17.sql (192 of 307)
running script C:\SoftwareAG\common\db\bin\..\..\..\common\db\Monitor\Archive/scripts\9.6.fix4-9.6.fix5\sqlserver\migrate_18.sql (193 of 307)
running script C:\SoftwareAG\common\db\bin\..\..\..\common\db\Monitor\Archive/scripts\9.6.fix4-9.6.fix5\sqlserver\migrate_19.sql (194 of 307)
running script C:\SoftwareAG\common\db\bin\..\..\..\common\db\Monitor\Archive/scripts\9.6.fix4-9.6.fix5\sqlserver\migrate_20.sql (195 of 307)
running script C:\SoftwareAG\common\db\bin\..\..\..\common\db\Monitor\Archive/scripts\9.6.fix4-9.6.fix5\sqlserver\migrate_21.sql (196 of 307)
running script C:\SoftwareAG\common\db\bin\..\..\..\common\db\Monitor\Archive/scripts\9.6.fix4-9.6.fix5\sqlserver\migrate_22.sql (197 of 307)
running script C:\SoftwareAG\common\db\bin\..\..\..\common\db\Monitor\Archive/scripts\9.6.fix4-9.6.fix5\sqlserver\migrate_23.sql (198 of 307)
running script C:\SoftwareAG\common\db\bin\..\..\..\common\db\Monitor\Archive/scripts\9.6.fix4-9.6.fix5\sqlserver\migrate_24.sql (199 of 307)
running script C:\SoftwareAG\common\db\bin\..\..\..\common\db\Monitor\Archive/scripts\9.6.fix4-9.6.fix5\sqlserver\migrate_25.sql (200 of 307)
running script Archive, MIGRATE, v9.6.fix4-9.6.fix5 (201 of 307)
running script Archive, INSTALL, v9.6.fix5 (202 of 307)
running script Archive, MIGRATE, v9.6.fix5-9.7.fix1 (203 of 307)
running script Archive, INSTALL, v9.7.fix1 (204 of 307)
running script C:\SoftwareAG\common\db\bin\..\..\..\common\db\Monitor\Archive/scripts\9.7.fix1-9.7.fix2\sqlserver\migrate_1.sql (205 of 307)
running script C:\SoftwareAG\common\db\bin\..\..\..\common\db\Monitor\Archive/scripts\9.7.fix1-9.7.fix2\sqlserver\migrate_2.sql (206 of 307)
running script C:\SoftwareAG\common\db\bin\..\..\..\common\db\Monitor\Archive/scripts\9.7.fix1-9.7.fix2\sqlserver\migrate_3.sql (207 of 307)
running script C:\SoftwareAG\common\db\bin\..\..\..\common\db\Monitor\Archive/scripts\9.7.fix1-9.7.fix2\sqlserver\migrate_4.sql (208 of 307)
running script C:\SoftwareAG\common\db\bin\..\..\..\common\db\Monitor\Archive/scripts\9.7.fix1-9.7.fix2\sqlserver\migrate_5.sql (209 of 307)
running script C:\SoftwareAG\common\db\bin\..\..\..\common\db\Monitor\Archive/scripts\9.7.fix1-9.7.fix2\sqlserver\migrate_6.sql (210 of 307)
running script C:\SoftwareAG\common\db\bin\..\..\..\common\db\Monitor\Archive/scripts\9.7.fix1-9.7.fix2\sqlserver\migrate_7.sql (211 of 307)
running script C:\SoftwareAG\common\db\bin\..\..\..\common\db\Monitor\Archive/scripts\9.7.fix1-9.7.fix2\sqlserver\migrate_8.sql (212 of 307)
running script C:\SoftwareAG\common\db\bin\..\..\..\common\db\Monitor\Archive/scripts\9.7.fix1-9.7.fix2\sqlserver\migrate_9.sql (213 of 307)
running script C:\SoftwareAG\common\db\bin\..\..\..\common\db\Monitor\Archive/scripts\9.7.fix1-9.7.fix2\sqlserver\migrate_10.sql (214 of 307)
running script C:\SoftwareAG\common\db\bin\..\..\..\common\db\Monitor\Archive/scripts\9.7.fix1-9.7.fix2\sqlserver\migrate_11.sql (215 of 307)
running script C:\SoftwareAG\common\db\bin\..\..\..\common\db\Monitor\Archive/scripts\9.7.fix1-9.7.fix2\sqlserver\migrate_12.sql (216 of 307)
running script C:\SoftwareAG\common\db\bin\..\..\..\common\db\Monitor\Archive/scripts\9.7.fix1-9.7.fix2\sqlserver\migrate_13.sql (217 of 307)
running script C:\SoftwareAG\common\db\bin\..\..\..\common\db\Monitor\Archive/scripts\9.7.fix1-9.7.fix2\sqlserver\migrate_14.sql (218 of 307)
running script C:\SoftwareAG\common\db\bin\..\..\..\common\db\Monitor\Archive/scripts\9.7.fix1-9.7.fix2\sqlserver\migrate_15.sql (219 of 307)
running script C:\SoftwareAG\common\db\bin\..\..\..\common\db\Monitor\Archive/scripts\9.7.fix1-9.7.fix2\sqlserver\migrate_16.sql (220 of 307)
running script C:\SoftwareAG\common\db\bin\..\..\..\common\db\Monitor\Archive/scripts\9.7.fix1-9.7.fix2\sqlserver\migrate_17.sql (221 of 307)
running script C:\SoftwareAG\common\db\bin\..\..\..\common\db\Monitor\Archive/scripts\9.7.fix1-9.7.fix2\sqlserver\migrate_18.sql (222 of 307)
running script C:\SoftwareAG\common\db\bin\..\..\..\common\db\Monitor\Archive/scripts\9.7.fix1-9.7.fix2\sqlserver\migrate_19.sql (223 of 307)
running script C:\SoftwareAG\common\db\bin\..\..\..\common\db\Monitor\Archive/scripts\9.7.fix1-9.7.fix2\sqlserver\migrate_20.sql (224 of 307)
running script C:\SoftwareAG\common\db\bin\..\..\..\common\db\Monitor\Archive/scripts\9.7.fix1-9.7.fix2\sqlserver\migrate_21.sql (225 of 307)
running script C:\SoftwareAG\common\db\bin\..\..\..\common\db\Monitor\Archive/scripts\9.7.fix1-9.7.fix2\sqlserver\migrate_22.sql (226 of 307)
running script C:\SoftwareAG\common\db\bin\..\..\..\common\db\Monitor\Archive/scripts\9.7.fix1-9.7.fix2\sqlserver\migrate_23.sql (227 of 307)
running script C:\SoftwareAG\common\db\bin\..\..\..\common\db\Monitor\Archive/scripts\9.7.fix1-9.7.fix2\sqlserver\migrate_24.sql (228 of 307)
running script C:\SoftwareAG\common\db\bin\..\..\..\common\db\Monitor\Archive/scripts\9.7.fix1-9.7.fix2\sqlserver\migrate_25.sql (229 of 307)
running script Archive, MIGRATE, v9.7.fix1-9.7.fix2 (230 of 307)
running script Archive, INSTALL, v9.7.fix2 (231 of 307)
running script C:\SoftwareAG\common\db\bin\..\..\..\common\db\Monitor\Archive/scripts\9.7.fix2-9.7.fix3\sqlserver\migrate_1.sql (232 of 307)
running script C:\SoftwareAG\common\db\bin\..\..\..\common\db\Monitor\Archive/scripts\9.7.fix2-9.7.fix3\sqlserver\migrate_2.sql (233 of 307)
running script C:\SoftwareAG\common\db\bin\..\..\..\common\db\Monitor\Archive/scripts\9.7.fix2-9.7.fix3\sqlserver\migrate_3.sql (234 of 307)
running script C:\SoftwareAG\common\db\bin\..\..\..\common\db\Monitor\Archive/scripts\9.7.fix2-9.7.fix3\sqlserver\migrate_4.sql (235 of 307)
running script C:\SoftwareAG\common\db\bin\..\..\..\common\db\Monitor\Archive/scripts\9.7.fix2-9.7.fix3\sqlserver\migrate_5.sql (236 of 307)
running script C:\SoftwareAG\common\db\bin\..\..\..\common\db\Monitor\Archive/scripts\9.7.fix2-9.7.fix3\sqlserver\migrate_6.sql (237 of 307)
running script C:\SoftwareAG\common\db\bin\..\..\..\common\db\Monitor\Archive/scripts\9.7.fix2-9.7.fix3\sqlserver\migrate_7.sql (238 of 307)
running script C:\SoftwareAG\common\db\bin\..\..\..\common\db\Monitor\Archive/scripts\9.7.fix2-9.7.fix3\sqlserver\migrate_8.sql (239 of 307)
running script C:\SoftwareAG\common\db\bin\..\..\..\common\db\Monitor\Archive/scripts\9.7.fix2-9.7.fix3\sqlserver\migrate_9.sql (240 of 307)
running script C:\SoftwareAG\common\db\bin\..\..\..\common\db\Monitor\Archive/scripts\9.7.fix2-9.7.fix3\sqlserver\migrate_10.sql (241 of 307)
running script C:\SoftwareAG\common\db\bin\..\..\..\common\db\Monitor\Archive/scripts\9.7.fix2-9.7.fix3\sqlserver\migrate_11.sql (242 of 307)
running script C:\SoftwareAG\common\db\bin\..\..\..\common\db\Monitor\Archive/scripts\9.7.fix2-9.7.fix3\sqlserver\migrate_12.sql (243 of 307)
running script C:\SoftwareAG\common\db\bin\..\..\..\common\db\Monitor\Archive/scripts\9.7.fix2-9.7.fix3\sqlserver\migrate_13.sql (244 of 307)
running script C:\SoftwareAG\common\db\bin\..\..\..\common\db\Monitor\Archive/scripts\9.7.fix2-9.7.fix3\sqlserver\migrate_14.sql (245 of 307)
running script C:\SoftwareAG\common\db\bin\..\..\..\common\db\Monitor\Archive/scripts\9.7.fix2-9.7.fix3\sqlserver\migrate_15.sql (246 of 307)
running script C:\SoftwareAG\common\db\bin\..\..\..\common\db\Monitor\Archive/scripts\9.7.fix2-9.7.fix3\sqlserver\migrate_16.sql (247 of 307)
running script C:\SoftwareAG\common\db\bin\..\..\..\common\db\Monitor\Archive/scripts\9.7.fix2-9.7.fix3\sqlserver\migrate_17.sql (248 of 307)
running script C:\SoftwareAG\common\db\bin\..\..\..\common\db\Monitor\Archive/scripts\9.7.fix2-9.7.fix3\sqlserver\migrate_18.sql (249 of 307)
running script C:\SoftwareAG\common\db\bin\..\..\..\common\db\Monitor\Archive/scripts\9.7.fix2-9.7.fix3\sqlserver\migrate_19.sql (250 of 307)
running script C:\SoftwareAG\common\db\bin\..\..\..\common\db\Monitor\Archive/scripts\9.7.fix2-9.7.fix3\sqlserver\migrate_20.sql (251 of 307)
running script C:\SoftwareAG\common\db\bin\..\..\..\common\db\Monitor\Archive/scripts\9.7.fix2-9.7.fix3\sqlserver\migrate_21.sql (252 of 307)
running script C:\SoftwareAG\common\db\bin\..\..\..\common\db\Monitor\Archive/scripts\9.7.fix2-9.7.fix3\sqlserver\migrate_22.sql (253 of 307)
running script C:\SoftwareAG\common\db\bin\..\..\..\common\db\Monitor\Archive/scripts\9.7.fix2-9.7.fix3\sqlserver\migrate_23.sql (254 of 307)
running script C:\SoftwareAG\common\db\bin\..\..\..\common\db\Monitor\Archive/scripts\9.7.fix2-9.7.fix3\sqlserver\migrate_24.sql (255 of 307)
running script C:\SoftwareAG\common\db\bin\..\..\..\common\db\Monitor\Archive/scripts\9.7.fix2-9.7.fix3\sqlserver\migrate_25.sql (256 of 307)
running script C:\SoftwareAG\common\db\bin\..\..\..\common\db\Monitor\Archive/scripts\9.7.fix2-9.7.fix3\sqlserver\migrate_26.sql (257 of 307)
running script Archive, MIGRATE, v9.7.fix2-9.7.fix3 (258 of 307)
running script Archive, INSTALL, v9.7.fix3 (259 of 307)
running script C:\SoftwareAG\common\db\bin\..\..\..\common\db\Monitor\Archive/scripts\9.7.fix3-9.7.fix4\sqlserver\migrate_1.sql (260 of 307)
running script C:\SoftwareAG\common\db\bin\..\..\..\common\db\Monitor\Archive/scripts\9.7.fix3-9.7.fix4\sqlserver\migrate_2.sql (261 of 307)
running script C:\SoftwareAG\common\db\bin\..\..\..\common\db\Monitor\Archive/scripts\9.7.fix3-9.7.fix4\sqlserver\migrate_3.sql (262 of 307)
running script C:\SoftwareAG\common\db\bin\..\..\..\common\db\Monitor\Archive/scripts\9.7.fix3-9.7.fix4\sqlserver\migrate_4.sql (263 of 307)
running script C:\SoftwareAG\common\db\bin\..\..\..\common\db\Monitor\Archive/scripts\9.7.fix3-9.7.fix4\sqlserver\migrate_5.sql (264 of 307)
running script C:\SoftwareAG\common\db\bin\..\..\..\common\db\Monitor\Archive/scripts\9.7.fix3-9.7.fix4\sqlserver\migrate_6.sql (265 of 307)
running script C:\SoftwareAG\common\db\bin\..\..\..\common\db\Monitor\Archive/scripts\9.7.fix3-9.7.fix4\sqlserver\migrate_7.sql (266 of 307)
running script C:\SoftwareAG\common\db\bin\..\..\..\common\db\Monitor\Archive/scripts\9.7.fix3-9.7.fix4\sqlserver\migrate_8.sql (267 of 307)
running script C:\SoftwareAG\common\db\bin\..\..\..\common\db\Monitor\Archive/scripts\9.7.fix3-9.7.fix4\sqlserver\migrate_9.sql (268 of 307)
running script C:\SoftwareAG\common\db\bin\..\..\..\common\db\Monitor\Archive/scripts\9.7.fix3-9.7.fix4\sqlserver\migrate_10.sql (269 of 307)
running script C:\SoftwareAG\common\db\bin\..\..\..\common\db\Monitor\Archive/scripts\9.7.fix3-9.7.fix4\sqlserver\migrate_11.sql (270 of 307)
running script C:\SoftwareAG\common\db\bin\..\..\..\common\db\Monitor\Archive/scripts\9.7.fix3-9.7.fix4\sqlserver\migrate_12.sql (271 of 307)
running script C:\SoftwareAG\common\db\bin\..\..\..\common\db\Monitor\Archive/scripts\9.7.fix3-9.7.fix4\sqlserver\migrate_13.sql (272 of 307)
running script C:\SoftwareAG\common\db\bin\..\..\..\common\db\Monitor\Archive/scripts\9.7.fix3-9.7.fix4\sqlserver\migrate_14.sql (273 of 307)
running script C:\SoftwareAG\common\db\bin\..\..\..\common\db\Monitor\Archive/scripts\9.7.fix3-9.7.fix4\sqlserver\migrate_15.sql (274 of 307)
running script C:\SoftwareAG\common\db\bin\..\..\..\common\db\Monitor\Archive/scripts\9.7.fix3-9.7.fix4\sqlserver\migrate_16.sql (275 of 307)
running script C:\SoftwareAG\common\db\bin\..\..\..\common\db\Monitor\Archive/scripts\9.7.fix3-9.7.fix4\sqlserver\migrate_17.sql (276 of 307)
running script C:\SoftwareAG\common\db\bin\..\..\..\common\db\Monitor\Archive/scripts\9.7.fix3-9.7.fix4\sqlserver\migrate_18.sql (277 of 307)
running script C:\SoftwareAG\common\db\bin\..\..\..\common\db\Monitor\Archive/scripts\9.7.fix3-9.7.fix4\sqlserver\migrate_19.sql (278 of 307)
running script C:\SoftwareAG\common\db\bin\..\..\..\common\db\Monitor\Archive/scripts\9.7.fix3-9.7.fix4\sqlserver\migrate_20.sql (279 of 307)
running script C:\SoftwareAG\common\db\bin\..\..\..\common\db\Monitor\Archive/scripts\9.7.fix3-9.7.fix4\sqlserver\migrate_21.sql (280 of 307)
running script C:\SoftwareAG\common\db\bin\..\..\..\common\db\Monitor\Archive/scripts\9.7.fix3-9.7.fix4\sqlserver\migrate_22.sql (281 of 307)
running script C:\SoftwareAG\common\db\bin\..\..\..\common\db\Monitor\Archive/scripts\9.7.fix3-9.7.fix4\sqlserver\migrate_23.sql (282 of 307)
running script C:\SoftwareAG\common\db\bin\..\..\..\common\db\Monitor\Archive/scripts\9.7.fix3-9.7.fix4\sqlserver\migrate_24.sql (283 of 307)
running script C:\SoftwareAG\common\db\bin\..\..\..\common\db\Monitor\Archive/scripts\9.7.fix3-9.7.fix4\sqlserver\migrate_25.sql (284 of 307)
running script C:\SoftwareAG\common\db\bin\..\..\..\common\db\Monitor\Archive/scripts\9.7.fix3-9.7.fix4\sqlserver\migrate_26.sql (285 of 307)
running script Archive, MIGRATE, v9.7.fix3-9.7.fix4 (286 of 307)
running script Archive, INSTALL, v9.7.fix4 (287 of 307)
running script C:\SoftwareAG\common\db\bin\..\..\..\common\db\Monitor\Archive/scripts\9.7.fix4-9.7.fix5\sqlserver\migrate_1.sql (288 of 307)
running script C:\SoftwareAG\common\db\bin\..\..\..\common\db\Monitor\Archive/scripts\9.7.fix4-9.7.fix5\sqlserver\migrate_2.sql (289 of 307)
running script C:\SoftwareAG\common\db\bin\..\..\..\common\db\Monitor\Archive/scripts\9.7.fix4-9.7.fix5\sqlserver\migrate_3.sql (290 of 307)
running script Archive, MIGRATE, v9.7.fix4-9.7.fix5 (291 of 307)
running script Archive, INSTALL, v9.7.fix5 (292 of 307)
running script C:\SoftwareAG\common\db\bin\..\..\..\common\db\Monitor\Archive/scripts\9.7.fix5-9.9\sqlserver\migrate_1.sql (293 of 307)
running script C:\SoftwareAG\common\db\bin\..\..\..\common\db\Monitor\Archive/scripts\9.7.fix5-9.9\sqlserver\migrate_2.sql (294 of 307)
running script C:\SoftwareAG\common\db\bin\..\..\..\common\db\Monitor\Archive/scripts\9.7.fix5-9.9\sqlserver\migrate_3.sql (295 of 307)
running script C:\SoftwareAG\common\db\bin\..\..\..\common\db\Monitor\Archive/scripts\9.7.fix5-9.9\sqlserver\migrate_4.sql (296 of 307)
running script Archive, MIGRATE, v9.7.fix5-9.9 (297 of 307)
running script Archive, INSTALL, v9.9 (298 of 307)
running script C:\SoftwareAG\common\db\bin\..\..\..\common\db\Monitor\Archive/scripts\9.9-9.12\sqlserver\migrate_1.sql (299 of 307)
running script C:\SoftwareAG\common\db\bin\..\..\..\common\db\Monitor\Archive/scripts\9.9-9.12\sqlserver\migrate_2.sql (300 of 307)
running script C:\SoftwareAG\common\db\bin\..\..\..\common\db\Monitor\Archive/scripts\9.9-9.12\sqlserver\migrate_3.sql (301 of 307)
running script C:\SoftwareAG\common\db\bin\..\..\..\common\db\Monitor\Archive/scripts\9.9-9.12\sqlserver\migrate_4.sql (302 of 307)
running script C:\SoftwareAG\common\db\bin\..\..\..\common\db\Monitor\Archive/scripts\9.9-9.12\sqlserver\migrate_5.sql (303 of 307)
running script C:\SoftwareAG\common\db\bin\..\..\..\common\db\Monitor\Archive/scripts\9.9-9.12\sqlserver\migrate_6.sql (304 of 307)
running script C:\SoftwareAG\common\db\bin\..\..\..\common\db\Monitor\Archive/scripts\9.9-9.12\sqlserver\migrate_7.sql (305 of 307)
running script Archive, MIGRATE, v9.9-9.12 (306 of 307)
running script Archive, INSTALL, v9.12 (307 of 307)
created component Archive version latest
**** completed create on component Archive, version latest ****
processing component not installed: BusinessRules
running create on component BusinessRules, version latest
running script C:\SoftwareAG\common\db\bin\..\..\..\common\db\BusinessRulesEngine\BusinessRules/scripts\9.0.1\sqlserver\create.sql (1 of 13)
running script BusinessRules, INSTALL, v9.0.1 (2 of 13)
running script BusinessRules, MIGRATE, v9.0.1-9.8 (3 of 13)
running script BusinessRules, INSTALL, v9.8 (4 of 13)
running script BusinessRules, MIGRATE, v9.8-9.12.fix1 (5 of 13)
running script BusinessRules, INSTALL, v9.12.fix1 (6 of 13)
running script C:\SoftwareAG\common\db\bin\..\..\..\common\db\BusinessRulesEngine\BusinessRules/scripts\9.12.fix1-10.4\sqlserver\migrate_1.sql (7 of 13)
running script C:\SoftwareAG\common\db\bin\..\..\..\common\db\BusinessRulesEngine\BusinessRules/scripts\9.12.fix1-10.4\sqlserver\migrate_2.sql (8 of 13)
running script BusinessRules, MIGRATE, v9.12.fix1-10.4 (9 of 13)
running script BusinessRules, INSTALL, v10.4 (10 of 13)
running script C:\SoftwareAG\common\db\bin\..\..\..\common\db\BusinessRulesEngine\BusinessRules/scripts\10.4-10.5\sqlserver\migrate.sql (11 of 13)
running script BusinessRules, MIGRATE, v10.4-10.5 (12 of 13)
running script BusinessRules, INSTALL, v10.5 (13 of 13)
created component BusinessRules version latest
**** completed create on component BusinessRules, version latest ****
processing component not installed: CentralConfiguration
running create on component CentralConfiguration, version latest
running script C:\SoftwareAG\common\db\bin\..\..\..\common\db\Optimize\CentralConfiguration/scripts\9.0.1\sqlserver\create.sql (1 of 2)
running script CentralConfiguration, INSTALL, v9.0.1 (2 of 2)
created component CentralConfiguration version latest
**** completed create on component CentralConfiguration, version latest ****
processing component not installed: CrossReference
running create on component CrossReference, version latest
running script C:\SoftwareAG\common\db\bin\..\..\..\common\db\IntegrationServer\CrossReference/scripts\8.2.2\sqlserver\create.sql (1 of 2)
running script CrossReference, INSTALL, v8.2.2 (2 of 2)
created component CrossReference version latest
**** completed create on component CrossReference, version latest ****
processing component not installed: DatabaseManagement
running create on component DatabaseManagement, version latest
running script C:\SoftwareAG\common\db\bin\..\..\..\common\db\Optimize\DatabaseManagement/scripts\9.0.1\sqlserver\create_1.sql (1 of 15)
running script C:\SoftwareAG\common\db\bin\..\..\..\common\db\Optimize\DatabaseManagement/scripts\9.0.1\sqlserver\create_2.sql (2 of 15)
running script C:\SoftwareAG\common\db\bin\..\..\..\common\db\Optimize\DatabaseManagement/scripts\9.0.1\sqlserver\create_3.sql (3 of 15)
running script C:\SoftwareAG\common\db\bin\..\..\..\common\db\Optimize\DatabaseManagement/scripts\9.0.1\sqlserver\create_4.sql (4 of 15)
running script C:\SoftwareAG\common\db\bin\..\..\..\common\db\Optimize\DatabaseManagement/scripts\9.0.1\sqlserver\create_5.sql (5 of 15)
running script C:\SoftwareAG\common\db\bin\..\..\..\common\db\Optimize\DatabaseManagement/scripts\9.0.1\sqlserver\create_6.sql (6 of 15)
running script C:\SoftwareAG\common\db\bin\..\..\..\common\db\Optimize\DatabaseManagement/scripts\9.0.1\sqlserver\create_7.sql (7 of 15)
running script C:\SoftwareAG\common\db\bin\..\..\..\common\db\Optimize\DatabaseManagement/scripts\9.0.1\sqlserver\create_8.sql (8 of 15)
running script C:\SoftwareAG\common\db\bin\..\..\..\common\db\Optimize\DatabaseManagement/scripts\9.0.1\sqlserver\create_9.sql (9 of 15)
running script C:\SoftwareAG\common\db\bin\..\..\..\common\db\Optimize\DatabaseManagement/scripts\9.0.1\sqlserver\create_10.sql (10 of 15)
running script DatabaseManagement, INSTALL, v9.0.1 (11 of 15)
running script DatabaseManagement, MIGRATE, v9.0.1-9.0.1.fix1 (12 of 15)
running script DatabaseManagement, INSTALL, v9.0.1.fix1 (13 of 15)
running script DatabaseManagement, MIGRATE, v9.0.1.fix1-9.9 (14 of 15)
running script DatabaseManagement, INSTALL, v9.9 (15 of 15)
created component DatabaseManagement version latest
**** completed create on component DatabaseManagement, version latest ****
processing component not installed: DataPurge
running create on component DataPurge, version latest
running script C:\SoftwareAG\common\db\bin\..\..\..\common\db\Optimize\DataPurge/scripts\9.0.1\sqlserver\create.sql (1 of 2)
running script DataPurge, INSTALL, v9.0.1 (2 of 2)
created component DataPurge version latest
**** completed create on component DataPurge, version latest ****
processing component not installed: DistributedLocking
running create on component DistributedLocking, version latest
running script C:\SoftwareAG\common\db\bin\..\..\..\common\db\IntegrationServer\DistributedLocking/scripts\7.1\sqlserver\create.sql (1 of 2)
running script DistributedLocking, INSTALL, v7.1 (2 of 2)
created component DistributedLocking version latest
**** completed create on component DistributedLocking, version latest ****
processing component not installed: DocumentHistory
running create on component DocumentHistory, version latest
running script C:\SoftwareAG\common\db\bin\..\..\..\common\db\IntegrationServer\DocumentHistory/scripts\7.1\sqlserver\create.sql (1 of 2)
running script DocumentHistory, INSTALL, v7.1 (2 of 2)
created component DocumentHistory version latest
**** completed create on component DocumentHistory, version latest ****
processing component not installed: ISInternal
running create on component ISInternal, version latest
running script C:\SoftwareAG\common\db\bin\..\..\..\common\db\IntegrationServer\ISInternal/scripts\9.0.1\sqlserver\create.sql (1 of 49)
running script ISInternal, INSTALL, v9.0.1 (2 of 49)
running script C:\SoftwareAG\common\db\bin\..\..\..\common\db\IntegrationServer\ISInternal/scripts\9.0.1-9.0.1.fix1\sqlserver\migrate.sql (3 of 49)
running script ISInternal, MIGRATE, v9.0.1-9.0.1.fix1 (4 of 49)
running script ISInternal, INSTALL, v9.0.1.fix1 (5 of 49)
running script C:\SoftwareAG\common\db\bin\..\..\..\common\db\IntegrationServer\ISInternal/scripts\9.0.1.fix1-9.0.1.fix2\sqlserver\migrate.sql (6 of 49)
running script ISInternal, MIGRATE, v9.0.1.fix1-9.0.1.fix2 (7 of 49)
running script ISInternal, INSTALL, v9.0.1.fix2 (8 of 49)
running script C:\SoftwareAG\common\db\bin\..\..\..\common\db\IntegrationServer\ISInternal/scripts\9.0.1.fix2-9.5.1.fix2\sqlserver\migrate_1.sql (9 of 49)
running script C:\SoftwareAG\common\db\bin\..\..\..\common\db\IntegrationServer\ISInternal/scripts\9.0.1.fix2-9.5.1.fix2\sqlserver\migrate_2.sql (10 of 49)
running script ISInternal, MIGRATE, v9.0.1.fix2-9.5.1.fix2 (11 of 49)
running script ISInternal, INSTALL, v9.5.1.fix2 (12 of 49)
running script ISInternal, MIGRATE, v9.5.1.fix2-9.8 (13 of 49)
running script ISInternal, INSTALL, v9.8 (14 of 49)
running script C:\SoftwareAG\common\db\bin\..\..\..\common\db\IntegrationServer\ISInternal/scripts\9.8-9.9.fix1\sqlserver\migrate.sql (15 of 49)
running script ISInternal, MIGRATE, v9.8-9.9.fix1 (16 of 49)
running script ISInternal, INSTALL, v9.9.fix1 (17 of 49)
running script ISInternal, MIGRATE, v9.9.fix1-9.10 (18 of 49)
running script ISInternal, INSTALL, v9.10 (19 of 49)
running script ISInternal, MIGRATE, v9.10-9.10.fix1 (20 of 49)
running script ISInternal, INSTALL, v9.10.fix1 (21 of 49)
running script ISInternal, MIGRATE, v9.10.fix1-9.10.fix2 (22 of 49)
running script ISInternal, INSTALL, v9.10.fix2 (23 of 49)
running script C:\SoftwareAG\common\db\bin\..\..\..\common\db\IntegrationServer\ISInternal/scripts\9.10.fix2-9.12\sqlserver\migrate_1.sql (24 of 49)
running script C:\SoftwareAG\common\db\bin\..\..\..\common\db\IntegrationServer\ISInternal/scripts\9.10.fix2-9.12\sqlserver\migrate_2.sql (25 of 49)
running script ISInternal, MIGRATE, v9.10.fix2-9.12 (26 of 49)
running script ISInternal, INSTALL, v9.12 (27 of 49)
running script C:\SoftwareAG\common\db\bin\..\..\..\common\db\IntegrationServer\ISInternal/scripts\9.12-9.12.fix1\sqlserver\migrate.sql (28 of 49)
running script ISInternal, MIGRATE, v9.12-9.12.fix1 (29 of 49)
running script ISInternal, INSTALL, v9.12.fix1 (30 of 49)
running script ISInternal, MIGRATE, v9.12.fix1-10.1.fix2 (31 of 49)
running script ISInternal, INSTALL, v10.1.fix2 (32 of 49)
running script C:\SoftwareAG\common\db\bin\..\..\..\common\db\IntegrationServer\ISInternal/scripts\10.1.fix2-10.1.fix3\sqlserver\migrate.sql (33 of 49)
running script ISInternal, MIGRATE, v10.1.fix2-10.1.fix3 (34 of 49)
running script ISInternal, INSTALL, v10.1.fix3 (35 of 49)
running script C:\SoftwareAG\common\db\bin\..\..\..\common\db\IntegrationServer\ISInternal/scripts\10.1.fix3-10.1.fix4\sqlserver\migrate.sql (36 of 49)
running script ISInternal, MIGRATE, v10.1.fix3-10.1.fix4 (37 of 49)
running script ISInternal, INSTALL, v10.1.fix4 (38 of 49)
running script ISInternal, MIGRATE, v10.1.fix4-10.2 (39 of 49)
running script ISInternal, INSTALL, v10.2 (40 of 49)
running script C:\SoftwareAG\common\db\bin\..\..\..\common\db\IntegrationServer\ISInternal/scripts\10.2-10.3\sqlserver\migrate.sql (41 of 49)
running script ISInternal, MIGRATE, v10.2-10.3 (42 of 49)
running script ISInternal, INSTALL, v10.3 (43 of 49)
running script C:\SoftwareAG\common\db\bin\..\..\..\common\db\IntegrationServer\ISInternal/scripts\10.3-10.3.fix1\sqlserver\migrate.sql (44 of 49)
running script ISInternal, MIGRATE, v10.3-10.3.fix1 (45 of 49)
running script ISInternal, INSTALL, v10.3.fix1 (46 of 49)
running script C:\SoftwareAG\common\db\bin\..\..\..\common\db\IntegrationServer\ISInternal/scripts\10.3.fix1-10.5\sqlserver\migrate.sql (47 of 49)
running script ISInternal, MIGRATE, v10.3.fix1-10.5 (48 of 49)
running script ISInternal, INSTALL, v10.5 (49 of 49)
created component ISInternal version latest
**** completed create on component ISInternal, version latest ****
processing component not installed: MywebMethodsServer
running create on component MywebMethodsServer, version latest
running script C:\SoftwareAG\common\db\bin\..\..\..\common\db\MywebMethodsServer\MywebMethodsServer/scripts\9.0.1\sqlserver\create_1.sql (1 of 38)
running script C:\SoftwareAG\common\db\bin\..\..\..\common\db\MywebMethodsServer\MywebMethodsServer/scripts\9.0.1\sqlserver\create_2.sql (2 of 38)
running script C:\SoftwareAG\common\db\bin\..\..\..\common\db\MywebMethodsServer\MywebMethodsServer/scripts\9.0.1\sqlserver\create_3.sql (3 of 38)
running script C:\SoftwareAG\common\db\bin\..\..\..\common\db\MywebMethodsServer\MywebMethodsServer/scripts\9.0.1\sqlserver\create_4.sql (4 of 38)
running script MywebMethodsServer, INSTALL, v9.0.1 (5 of 38)
running script C:\SoftwareAG\common\db\bin\..\..\..\common\db\MywebMethodsServer\MywebMethodsServer/scripts\9.0.1-9.5.1\sqlserver\migrate.sql (6 of 38)
running script MywebMethodsServer, MIGRATE, v9.0.1-9.5.1 (7 of 38)
running script MywebMethodsServer, INSTALL, v9.5.1 (8 of 38)
running script C:\SoftwareAG\common\db\bin\..\..\..\common\db\MywebMethodsServer\MywebMethodsServer/scripts\9.5.1-9.7\sqlserver\migrate.sql (9 of 38)
running script MywebMethodsServer, MIGRATE, v9.5.1-9.7 (10 of 38)
running script MywebMethodsServer, INSTALL, v9.7 (11 of 38)
running script C:\SoftwareAG\common\db\bin\..\..\..\common\db\MywebMethodsServer\MywebMethodsServer/scripts\9.7-9.7.fix1\sqlserver\migrate.sql (12 of 38)
running script MywebMethodsServer, MIGRATE, v9.7-9.7.fix1 (13 of 38)
running script MywebMethodsServer, INSTALL, v9.7.fix1 (14 of 38)
running script C:\SoftwareAG\common\db\bin\..\..\..\common\db\MywebMethodsServer\MywebMethodsServer/scripts\9.7.fix1-9.9\sqlserver\migrate.sql (15 of 38)
running script MywebMethodsServer, MIGRATE, v9.7.fix1-9.9 (16 of 38)
running script MywebMethodsServer, INSTALL, v9.9 (17 of 38)
running script C:\SoftwareAG\common\db\bin\..\..\..\common\db\MywebMethodsServer\MywebMethodsServer/scripts\9.9-9.9.fix1\sqlserver\migrate.sql (18 of 38)
running script MywebMethodsServer, MIGRATE, v9.9-9.9.fix1 (19 of 38)
running script MywebMethodsServer, INSTALL, v9.9.fix1 (20 of 38)
running script C:\SoftwareAG\common\db\bin\..\..\..\common\db\MywebMethodsServer\MywebMethodsServer/scripts\9.9.fix1-9.10\sqlserver\migrate.sql (21 of 38)
running script MywebMethodsServer, MIGRATE, v9.9.fix1-9.10 (22 of 38)
running script MywebMethodsServer, INSTALL, v9.10 (23 of 38)
running script C:\SoftwareAG\common\db\bin\..\..\..\common\db\MywebMethodsServer\MywebMethodsServer/scripts\9.10-9.12\sqlserver\migrate.sql (24 of 38)
running script MywebMethodsServer, MIGRATE, v9.10-9.12 (25 of 38)
running script MywebMethodsServer, INSTALL, v9.12 (26 of 38)
running script C:\SoftwareAG\common\db\bin\..\..\..\common\db\MywebMethodsServer\MywebMethodsServer/scripts\9.12-10\sqlserver\migrate.sql (27 of 38)
running script MywebMethodsServer, MIGRATE, v9.12-10 (28 of 38)
running script MywebMethodsServer, INSTALL, v10 (29 of 38)
running script MywebMethodsServer, MIGRATE, v10-10.2 (30 of 38)
running script MywebMethodsServer, INSTALL, v10.2 (31 of 38)
running script C:\SoftwareAG\common\db\bin\..\..\..\common\db\MywebMethodsServer\MywebMethodsServer/scripts\10.2-10.4\sqlserver\migrate.sql (32 of 38)
running script MywebMethodsServer, MIGRATE, v10.2-10.4 (33 of 38)
running script MywebMethodsServer, INSTALL, v10.4 (34 of 38)
running script C:\SoftwareAG\common\db\bin\..\..\..\common\db\MywebMethodsServer\MywebMethodsServer/scripts\10.4-10.5\sqlserver\migrate.sql (35 of 38)
running script C:\SoftwareAG\common\db\bin\..\..\..\common\db\MywebMethodsServer\MywebMethodsServer/scripts\10.4-10.5\sqlserver\migrate_2.sql (36 of 38)
running script MywebMethodsServer, MIGRATE, v10.4-10.5 (37 of 38)
running script MywebMethodsServer, INSTALL, v10.5 (38 of 38)
created component MywebMethodsServer version latest
**** completed create on component MywebMethodsServer, version latest ****
processing component not installed: ProcessEngine
running create on component ProcessEngine, version latest
running script C:\SoftwareAG\common\db\bin\..\..\..\common\db\ProcessEngine\ProcessEngine/scripts\9.0.1\sqlserver\create_1.sql (1 of 36)
running script C:\SoftwareAG\common\db\bin\..\..\..\common\db\ProcessEngine\ProcessEngine/scripts\9.0.1\sqlserver\create_2.sql (2 of 36)
running script ProcessEngine, INSTALL, v9.0.1 (3 of 36)
running script C:\SoftwareAG\common\db\bin\..\..\..\common\db\ProcessEngine\ProcessEngine/scripts\9.0.1-9.0.1.fix1\sqlserver\migrate.sql (4 of 36)
running script ProcessEngine, MIGRATE, v9.0.1-9.0.1.fix1 (5 of 36)
running script ProcessEngine, INSTALL, v9.0.1.fix1 (6 of 36)
running script ProcessEngine, MIGRATE, v9.0.1.fix1-9.0.1.fix2 (7 of 36)
running script ProcessEngine, INSTALL, v9.0.1.fix2 (8 of 36)
running script ProcessEngine, MIGRATE, v9.0.1.fix2-9.6 (9 of 36)
running script ProcessEngine, INSTALL, v9.6 (10 of 36)
running script ProcessEngine, MIGRATE, v9.6-9.6.fix1 (11 of 36)
running script ProcessEngine, INSTALL, v9.6.fix1 (12 of 36)
running script C:\SoftwareAG\common\db\bin\..\..\..\common\db\ProcessEngine\ProcessEngine/scripts\9.6.fix1-9.7\sqlserver\migrate.sql (13 of 36)
running script ProcessEngine, MIGRATE, v9.6.fix1-9.7 (14 of 36)
running script ProcessEngine, INSTALL, v9.7 (15 of 36)
running script C:\SoftwareAG\common\db\bin\..\..\..\common\db\ProcessEngine\ProcessEngine/scripts\9.7-9.7.fix1\sqlserver\migrate.sql (16 of 36)
running script ProcessEngine, MIGRATE, v9.7-9.7.fix1 (17 of 36)
running script ProcessEngine, INSTALL, v9.7.fix1 (18 of 36)
running script C:\SoftwareAG\common\db\bin\..\..\..\common\db\ProcessEngine\ProcessEngine/scripts\9.7.fix1-9.7.fix2\sqlserver\migrate.sql (19 of 36)
running script ProcessEngine, MIGRATE, v9.7.fix1-9.7.fix2 (20 of 36)
running script ProcessEngine, INSTALL, v9.7.fix2 (21 of 36)
running script C:\SoftwareAG\common\db\bin\..\..\..\common\db\ProcessEngine\ProcessEngine/scripts\9.7.fix2-9.7.fix3\sqlserver\migrate.sql (22 of 36)
running script ProcessEngine, MIGRATE, v9.7.fix2-9.7.fix3 (23 of 36)
running script ProcessEngine, INSTALL, v9.7.fix3 (24 of 36)
running script C:\SoftwareAG\common\db\bin\..\..\..\common\db\ProcessEngine\ProcessEngine/scripts\9.7.fix3-9.12.fix1\sqlserver\migrate.sql (25 of 36)
running script ProcessEngine, MIGRATE, v9.7.fix3-9.12.fix1 (26 of 36)
running script ProcessEngine, INSTALL, v9.12.fix1 (27 of 36)
running script C:\SoftwareAG\common\db\bin\..\..\..\common\db\ProcessEngine\ProcessEngine/scripts\9.12.fix1-10.0\sqlserver\migrate.sql (28 of 36)
running script ProcessEngine, MIGRATE, v9.12.fix1-10.0 (29 of 36)
running script ProcessEngine, INSTALL, v10.0 (30 of 36)
running script C:\SoftwareAG\common\db\bin\..\..\..\common\db\ProcessEngine\ProcessEngine/scripts\10.0-10.1\sqlserver\migrate.sql (31 of 36)
running script ProcessEngine, MIGRATE, v10.0-10.1 (32 of 36)
running script ProcessEngine, INSTALL, v10.1 (33 of 36)
running script C:\SoftwareAG\common\db\bin\..\..\..\common\db\ProcessEngine\ProcessEngine/scripts\10.1-10.4\sqlserver\migrate.sql (34 of 36)
running script ProcessEngine, MIGRATE, v10.1-10.4 (35 of 36)
running script ProcessEngine, INSTALL, v10.4 (36 of 36)
created component ProcessEngine version latest
**** completed create on component ProcessEngine, version latest ****
processing component not installed: ProcessTracker
running create on component ProcessTracker, version latest
running script C:\SoftwareAG\common\db\bin\..\..\..\common\db\Optimize\ProcessTracker/scripts\9.0.1\sqlserver\create_1.sql (1 of 34)
running script C:\SoftwareAG\common\db\bin\..\..\..\common\db\Optimize\ProcessTracker/scripts\9.0.1\sqlserver\create_2.sql (2 of 34)
running script ProcessTracker, INSTALL, v9.0.1 (3 of 34)
running script C:\SoftwareAG\common\db\bin\..\..\..\common\db\Optimize\ProcessTracker/scripts\9.0.1-9.6\sqlserver\migrate.sql (4 of 34)
running script ProcessTracker, MIGRATE, v9.0.1-9.6 (5 of 34)
running script ProcessTracker, INSTALL, v9.6 (6 of 34)
running script C:\SoftwareAG\common\db\bin\..\..\..\common\db\Optimize\ProcessTracker/scripts\9.6-9.7\sqlserver\migrate.sql (7 of 34)
running script ProcessTracker, MIGRATE, v9.6-9.7 (8 of 34)
running script ProcessTracker, INSTALL, v9.7 (9 of 34)
running script C:\SoftwareAG\common\db\bin\..\..\..\common\db\Optimize\ProcessTracker/scripts\9.7-9.8\sqlserver\migrate.sql (10 of 34)
running script ProcessTracker, MIGRATE, v9.7-9.8 (11 of 34)
running script ProcessTracker, INSTALL, v9.8 (12 of 34)
running script C:\SoftwareAG\common\db\bin\..\..\..\common\db\Optimize\ProcessTracker/scripts\9.8-9.9\sqlserver\migrate.sql (13 of 34)
running script ProcessTracker, MIGRATE, v9.8-9.9 (14 of 34)
running script ProcessTracker, INSTALL, v9.9 (15 of 34)
running script C:\SoftwareAG\common\db\bin\..\..\..\common\db\Optimize\ProcessTracker/scripts\9.9-9.10\sqlserver\migrate.sql (16 of 34)
running script ProcessTracker, MIGRATE, v9.9-9.10 (17 of 34)
running script ProcessTracker, INSTALL, v9.10 (18 of 34)
running script C:\SoftwareAG\common\db\bin\..\..\..\common\db\Optimize\ProcessTracker/scripts\9.10-9.12.fix1\sqlserver\migrate.sql (19 of 34)
running script ProcessTracker, MIGRATE, v9.10-9.12.fix1 (20 of 34)
running script ProcessTracker, INSTALL, v9.12.fix1 (21 of 34)
running script C:\SoftwareAG\common\db\bin\..\..\..\common\db\Optimize\ProcessTracker/scripts\9.12.fix1-9.12.fix2\sqlserver\migrate.sql (22 of 34)
running script ProcessTracker, MIGRATE, v9.12.fix1-9.12.fix2 (23 of 34)
running script ProcessTracker, INSTALL, v9.12.fix2 (24 of 34)
running script C:\SoftwareAG\common\db\bin\..\..\..\common\db\Optimize\ProcessTracker/scripts\9.12.fix2-10.0\sqlserver\migrate.sql (25 of 34)
running script ProcessTracker, MIGRATE, v9.12.fix2-10.0 (26 of 34)
running script ProcessTracker, INSTALL, v10.0 (27 of 34)
running script C:\SoftwareAG\common\db\bin\..\..\..\common\db\Optimize\ProcessTracker/scripts\10.0-10.0.fix1\sqlserver\migrate.sql (28 of 34)
running script ProcessTracker, MIGRATE, v10.0-10.0.fix1 (29 of 34)
running script ProcessTracker, INSTALL, v10.0.fix1 (30 of 34)
running script C:\SoftwareAG\common\db\bin\..\..\..\common\db\Optimize\ProcessTracker/scripts\10.0.fix1-10.1\sqlserver\migrate.sql (31 of 34)
running script C:\SoftwareAG\common\db\bin\..\..\..\common\db\Optimize\ProcessTracker/scripts\10.0.fix1-10.1\sqlserver\migrate_2.sql (32 of 34)
running script ProcessTracker, MIGRATE, v10.0.fix1-10.1 (33 of 34)
running script ProcessTracker, INSTALL, v10.1 (34 of 34)
created component ProcessTracker version latest
**** completed create on component ProcessTracker, version latest ****
processing component not installed: Reporting
running create on component Reporting, version latest
running script C:\SoftwareAG\common\db\bin\..\..\..\common\db\Monitor\Reporting/scripts\9.0.1\sqlserver\create_1.sql (1 of 3)
running script C:\SoftwareAG\common\db\bin\..\..\..\common\db\Monitor\Reporting/scripts\9.0.1\sqlserver\create_2.sql (2 of 3)
running script Reporting, INSTALL, v9.0.1 (3 of 3)
created component Reporting version latest
**** completed create on component Reporting, version latest ****
processing component not installed: Staging
running create on component Staging, version latest
running script C:\SoftwareAG\common\db\bin\..\..\..\common\db\Monitor\Staging/scripts\9.0.1\sqlserver\create.sql (1 of 2)
running script Staging, INSTALL, v9.0.1 (2 of 2)
created component Staging version latest
**** completed create on component Staging, version latest ****
processing component not installed: TaskArchive
running create on component TaskArchive, version latest
running script C:\SoftwareAG\common\db\bin\..\..\..\common\db\MywebMethodsServer\TaskArchive/scripts\10.4\sqlserver\create.sql (1 of 2)
running script TaskArchive, INSTALL, v10.4 (2 of 2)
created component TaskArchive version latest
**** completed create on component TaskArchive, version latest ****
processing component not installed: TradingNetworks
running create on component TradingNetworks, version latest
running script C:\SoftwareAG\common\db\bin\..\..\..\common\db\TradingNetworks\TradingNetworks/scripts\9.0.1\sqlserver\create_1.sql (1 of 51)
running script C:\SoftwareAG\common\db\bin\..\..\..\common\db\TradingNetworks\TradingNetworks/scripts\9.0.1\sqlserver\create_2.sql (2 of 51)
running script TradingNetworks, INSTALL, v9.0.1 (3 of 51)
running script C:\SoftwareAG\common\db\bin\..\..\..\common\db\TradingNetworks\TradingNetworks/scripts\9.0.1-9.5.1\sqlserver\migrate.sql (4 of 51)
running script TradingNetworks, MIGRATE, v9.0.1-9.5.1 (5 of 51)
running script TradingNetworks, INSTALL, v9.5.1 (6 of 51)
running script C:\SoftwareAG\common\db\bin\..\..\..\common\db\TradingNetworks\TradingNetworks/scripts\9.5.1-9.7\sqlserver\migrate.sql (7 of 51)
running script TradingNetworks, MIGRATE, v9.5.1-9.7 (8 of 51)
running script TradingNetworks, INSTALL, v9.7 (9 of 51)
running script C:\SoftwareAG\common\db\bin\..\..\..\common\db\TradingNetworks\TradingNetworks/scripts\9.7-9.8\sqlserver\migrate.sql (10 of 51)
running script TradingNetworks, MIGRATE, v9.7-9.8 (11 of 51)
running script TradingNetworks, INSTALL, v9.8 (12 of 51)
running script C:\SoftwareAG\common\db\bin\..\..\..\common\db\TradingNetworks\TradingNetworks/scripts\9.8-9.8.fix1\sqlserver\migrate.sql (13 of 51)
running script TradingNetworks, MIGRATE, v9.8-9.8.fix1 (14 of 51)
running script TradingNetworks, INSTALL, v9.8.fix1 (15 of 51)
running script C:\SoftwareAG\common\db\bin\..\..\..\common\db\TradingNetworks\TradingNetworks/scripts\9.8.fix1-9.9\sqlserver\migrate.sql (16 of 51)
running script TradingNetworks, MIGRATE, v9.8.fix1-9.9 (17 of 51)
running script TradingNetworks, INSTALL, v9.9 (18 of 51)
running script C:\SoftwareAG\common\db\bin\..\..\..\common\db\TradingNetworks\TradingNetworks/scripts\9.9-9.9.fix1\sqlserver\migrate.sql (19 of 51)
running script TradingNetworks, MIGRATE, v9.9-9.9.fix1 (20 of 51)
running script TradingNetworks, INSTALL, v9.9.fix1 (21 of 51)
running script C:\SoftwareAG\common\db\bin\..\..\..\common\db\TradingNetworks\TradingNetworks/scripts\9.9.fix1-9.9.fix2\sqlserver\migrate.sql (22 of 51)
running script TradingNetworks, MIGRATE, v9.9.fix1-9.9.fix2 (23 of 51)
running script TradingNetworks, INSTALL, v9.9.fix2 (24 of 51)
running script C:\SoftwareAG\common\db\bin\..\..\..\common\db\TradingNetworks\TradingNetworks/scripts\9.9.fix2-9.10\sqlserver\migrate.sql (25 of 51)
running script TradingNetworks, MIGRATE, v9.9.fix2-9.10 (26 of 51)
running script TradingNetworks, INSTALL, v9.10 (27 of 51)
running script C:\SoftwareAG\common\db\bin\..\..\..\common\db\TradingNetworks\TradingNetworks/scripts\9.10-9.12\sqlserver\migrate.sql (28 of 51)
running script TradingNetworks, MIGRATE, v9.10-9.12 (29 of 51)
running script TradingNetworks, INSTALL, v9.12 (30 of 51)
running script C:\SoftwareAG\common\db\bin\..\..\..\common\db\TradingNetworks\TradingNetworks/scripts\9.12-9.12.fix1\sqlserver\migrate.sql (31 of 51)
running script TradingNetworks, MIGRATE, v9.12-9.12.fix1 (32 of 51)
running script TradingNetworks, INSTALL, v9.12.fix1 (33 of 51)
running script C:\SoftwareAG\common\db\bin\..\..\..\common\db\TradingNetworks\TradingNetworks/scripts\9.12.fix1-10.0.fix1\sqlserver\migrate.sql (34 of 51)
running script TradingNetworks, MIGRATE, v9.12.fix1-10.0.fix1 (35 of 51)
running script TradingNetworks, INSTALL, v10.0.fix1 (36 of 51)
running script C:\SoftwareAG\common\db\bin\..\..\..\common\db\TradingNetworks\TradingNetworks/scripts\10.0.fix1-10.1\sqlserver\migrate.sql (37 of 51)
running script TradingNetworks, MIGRATE, v10.0.fix1-10.1 (38 of 51)
running script TradingNetworks, INSTALL, v10.1 (39 of 51)
running script C:\SoftwareAG\common\db\bin\..\..\..\common\db\TradingNetworks\TradingNetworks/scripts\10.1-10.3\sqlserver\migrate.sql (40 of 51)
running script TradingNetworks, MIGRATE, v10.1-10.3 (41 of 51)
running script TradingNetworks, INSTALL, v10.3 (42 of 51)
running script C:\SoftwareAG\common\db\bin\..\..\..\common\db\TradingNetworks\TradingNetworks/scripts\10.3-10.4\sqlserver\migrate.sql (43 of 51)
running script TradingNetworks, MIGRATE, v10.3-10.4 (44 of 51)
running script TradingNetworks, INSTALL, v10.4 (45 of 51)
running script C:\SoftwareAG\common\db\bin\..\..\..\common\db\TradingNetworks\TradingNetworks/scripts\10.4-10.4.fix1\sqlserver\migrate.sql (46 of 51)
running script TradingNetworks, MIGRATE, v10.4-10.4.fix1 (47 of 51)
running script TradingNetworks, INSTALL, v10.4.fix1 (48 of 51)
running script C:\SoftwareAG\common\db\bin\..\..\..\common\db\TradingNetworks\TradingNetworks/scripts\10.4.fix1-10.5\sqlserver\migrate.sql (49 of 51)
running script TradingNetworks, MIGRATE, v10.4.fix1-10.5 (50 of 51)
running script TradingNetworks, INSTALL, v10.5 (51 of 51)
created component TradingNetworks version latest
**** completed create on component TradingNetworks, version latest ****
processing component not installed: TradingNetworksArchive
running create on component TradingNetworksArchive, version latest
running script C:\SoftwareAG\common\db\bin\..\..\..\common\db\TradingNetworks\TradingNetworksArchive/scripts\9.0.1\sqlserver\create.sql (1 of 44)
running script TradingNetworksArchive, INSTALL, v9.0.1 (2 of 44)
running script C:\SoftwareAG\common\db\bin\..\..\..\common\db\TradingNetworks\TradingNetworksArchive/scripts\9.0.1-9.5.1\sqlserver\migrate.sql (3 of 44)
running script TradingNetworksArchive, MIGRATE, v9.0.1-9.5.1 (4 of 44)
running script TradingNetworksArchive, INSTALL, v9.5.1 (5 of 44)
running script C:\SoftwareAG\common\db\bin\..\..\..\common\db\TradingNetworks\TradingNetworksArchive/scripts\9.5.1-9.7\sqlserver\migrate.sql (6 of 44)
running script TradingNetworksArchive, MIGRATE, v9.5.1-9.7 (7 of 44)
running script TradingNetworksArchive, INSTALL, v9.7 (8 of 44)
running script C:\SoftwareAG\common\db\bin\..\..\..\common\db\TradingNetworks\TradingNetworksArchive/scripts\9.7-9.8\sqlserver\migrate.sql (9 of 44)
running script TradingNetworksArchive, MIGRATE, v9.7-9.8 (10 of 44)
running script TradingNetworksArchive, INSTALL, v9.8 (11 of 44)
running script C:\SoftwareAG\common\db\bin\..\..\..\common\db\TradingNetworks\TradingNetworksArchive/scripts\9.8-9.9\sqlserver\migrate.sql (12 of 44)
running script TradingNetworksArchive, MIGRATE, v9.8-9.9 (13 of 44)
running script TradingNetworksArchive, INSTALL, v9.9 (14 of 44)
running script C:\SoftwareAG\common\db\bin\..\..\..\common\db\TradingNetworks\TradingNetworksArchive/scripts\9.9-9.9.fix1\sqlserver\migrate.sql (15 of 44)
running script TradingNetworksArchive, MIGRATE, v9.9-9.9.fix1 (16 of 44)
running script TradingNetworksArchive, INSTALL, v9.9.fix1 (17 of 44)
running script C:\SoftwareAG\common\db\bin\..\..\..\common\db\TradingNetworks\TradingNetworksArchive/scripts\9.9.fix1-9.10\sqlserver\migrate.sql (18 of 44)
running script TradingNetworksArchive, MIGRATE, v9.9.fix1-9.10 (19 of 44)
running script TradingNetworksArchive, INSTALL, v9.10 (20 of 44)
running script C:\SoftwareAG\common\db\bin\..\..\..\common\db\TradingNetworks\TradingNetworksArchive/scripts\9.10-9.12\sqlserver\migrate.sql (21 of 44)
running script TradingNetworksArchive, MIGRATE, v9.10-9.12 (22 of 44)
running script TradingNetworksArchive, INSTALL, v9.12 (23 of 44)
running script C:\SoftwareAG\common\db\bin\..\..\..\common\db\TradingNetworks\TradingNetworksArchive/scripts\9.12-10.0.fix1\sqlserver\migrate.sql (24 of 44)
running script TradingNetworksArchive, MIGRATE, v9.12-10.0.fix1 (25 of 44)
running script TradingNetworksArchive, INSTALL, v10.0.fix1 (26 of 44)
running script C:\SoftwareAG\common\db\bin\..\..\..\common\db\TradingNetworks\TradingNetworksArchive/scripts\10.0.fix1-10.1\sqlserver\migrate.sql (27 of 44)
running script TradingNetworksArchive, MIGRATE, v10.0.fix1-10.1 (28 of 44)
running script TradingNetworksArchive, INSTALL, v10.1 (29 of 44)
running script C:\SoftwareAG\common\db\bin\..\..\..\common\db\TradingNetworks\TradingNetworksArchive/scripts\10.1-10.1.fix1\sqlserver\migrate.sql (30 of 44)
running script TradingNetworksArchive, MIGRATE, v10.1-10.1.fix1 (31 of 44)
running script TradingNetworksArchive, INSTALL, v10.1.fix1 (32 of 44)
running script C:\SoftwareAG\common\db\bin\..\..\..\common\db\TradingNetworks\TradingNetworksArchive/scripts\10.1.fix1-10.3\sqlserver\migrate.sql (33 of 44)
running script TradingNetworksArchive, MIGRATE, v10.1.fix1-10.3 (34 of 44)
running script TradingNetworksArchive, INSTALL, v10.3 (35 of 44)
running script C:\SoftwareAG\common\db\bin\..\..\..\common\db\TradingNetworks\TradingNetworksArchive/scripts\10.3-10.4\sqlserver\migrate.sql (36 of 44)
running script TradingNetworksArchive, MIGRATE, v10.3-10.4 (37 of 44)
running script TradingNetworksArchive, INSTALL, v10.4 (38 of 44)
running script C:\SoftwareAG\common\db\bin\..\..\..\common\db\TradingNetworks\TradingNetworksArchive/scripts\10.4-10.4.fix1\sqlserver\migrate.sql (39 of 44)
running script TradingNetworksArchive, MIGRATE, v10.4-10.4.fix1 (40 of 44)
running script TradingNetworksArchive, INSTALL, v10.4.fix1 (41 of 44)
running script C:\SoftwareAG\common\db\bin\..\..\..\common\db\TradingNetworks\TradingNetworksArchive/scripts\10.4.fix1-10.5\sqlserver\migrate.sql (42 of 44)
running script TradingNetworksArchive, MIGRATE, v10.4.fix1-10.5 (43 of 44)
running script TradingNetworksArchive, INSTALL, v10.5 (44 of 44)
created component TradingNetworksArchive version latest
**** completed create on component TradingNetworksArchive, version latest ****